Using pre-set license
Built from '2022.3/china_unity/release' branch; Version is '2022.3.15f1c1 (18739dc7bca8) revision 1602461'; Using compiler version '192829333'; Build Type 'Release'
OS: 'Windows 10  (10.0.19042) 64bit Core' Language: 'zh' Physical Memory: 16167 MB
BatchMode: 1, IsHumanControllingUs: 0, StartBugReporterOnCrash: 0, Is64bit: 1, IsPro: 1

COMMAND LINE ARGUMENTS:
D:\Unity\2022.3.15f1c1\Editor\Unity.exe
-adb2
-batchMode
-noUpm
-name
AssetImportWorker0
-projectPath
D:/CS2024/SE-LOCM/SE_LOCM
-logFile
Logs/AssetImportWorker0.log
-srvPort
51050
Successfully changed project path to: D:/CS2024/SE-LOCM/SE_LOCM
D:/CS2024/SE-LOCM/SE_LOCM
[UnityMemory] Configuration Parameters - Can be set up in boot.config
    "memorysetup-bucket-allocator-granularity=16"
    "memorysetup-bucket-allocator-bucket-count=8"
    "memorysetup-bucket-allocator-block-size=33554432"
    "memorysetup-bucket-allocator-block-count=8"
    "memorysetup-main-allocator-block-size=16777216"
    "memorysetup-thread-allocator-block-size=16777216"
    "memorysetup-gfx-main-allocator-block-size=16777216"
    "memorysetup-gfx-thread-allocator-block-size=16777216"
    "memorysetup-cache-allocator-block-size=4194304"
    "memorysetup-typetree-allocator-block-size=2097152"
    "memorysetup-profiler-bucket-allocator-granularity=16"
    "memorysetup-profiler-bucket-allocator-bucket-count=8"
    "memorysetup-profiler-bucket-allocator-block-size=33554432"
    "memorysetup-profiler-bucket-allocator-block-count=8"
    "memorysetup-profiler-allocator-block-size=16777216"
    "memorysetup-profiler-editor-allocator-block-size=1048576"
    "memorysetup-temp-allocator-size-main=16777216"
    "memorysetup-job-temp-allocator-block-size=2097152"
    "memorysetup-job-temp-allocator-block-size-background=1048576"
    "memorysetup-job-temp-allocator-reduction-small-platforms=262144"
    "memorysetup-allocator-temp-initial-block-size-main=262144"
    "memorysetup-allocator-temp-initial-block-size-worker=262144"
    "memorysetup-temp-allocator-size-background-worker=32768"
    "memorysetup-temp-allocator-size-job-worker=262144"
    "memorysetup-temp-allocator-size-preload-manager=33554432"
    "memorysetup-temp-allocator-size-nav-mesh-worker=65536"
    "memorysetup-temp-allocator-size-audio-worker=65536"
    "memorysetup-temp-allocator-size-cloud-worker=32768"
    "memorysetup-temp-allocator-size-gi-baking-worker=262144"
    "memorysetup-temp-allocator-size-gfx=262144"
Player connection [1784] Host "[IP] 192.168.0.107 [Port] 0 [Flags] 2 [Guid] 3029266390 [EditorId] 3029266390 [Version] 1048832 [Id] WindowsEditor(7,DESKTOP-S57T2OA) [Debug] 1 [PackageName] WindowsEditor [ProjectName] Editor" joined multi-casting on [225.0.0.222:54997]...

Player connection [1784] Host "[IP] 192.168.0.107 [Port] 0 [Flags] 2 [Guid] 3029266390 [EditorId] 3029266390 [Version] 1048832 [Id] WindowsEditor(7,DESKTOP-S57T2OA) [Debug] 1 [PackageName] WindowsEditor [ProjectName] Editor" joined alternative multi-casting on [225.0.0.222:34997]...

[Physics::Module] Initialized MultithreadedJobDispatcher with 7 workers.
Refreshing native plugins compatible for Editor in 130.84 ms, found 4 plugins.
Preloading 0 native plugins for Editor in 0.00 ms.
Initialize engine version: 2022.3.15f1c1 (18739dc7bca8)
[Subsystems] Discovering subsystems at path D:/Unity/2022.3.15f1c1/Editor/Data/Resources/UnitySubsystems
[Subsystems] Discovering subsystems at path D:/CS2024/SE-LOCM/SE_LOCM/Assets
GfxDevice: creating device client; threaded=0; jobified=0
Direct3D:
    Version:  Direct3D 11.0 [level 11.1]
    Renderer: NVIDIA GeForce MX450 (ID=0x1f97)
    Vendor:   NVIDIA
    VRAM:     1928 MB
    Driver:   30.0.14.7180
Initialize mono
Mono path[0] = 'D:/Unity/2022.3.15f1c1/Editor/Data/Managed'
Mono path[1] = 'D:/Unity/2022.3.15f1c1/Editor/Data/MonoBleedingEdge/lib/mono/unityjit-win32'
Mono config path = 'D:/Unity/2022.3.15f1c1/Editor/Data/MonoBleedingEdge/etc'
Using monoOptions --debugger-agent=transport=dt_socket,embedding=1,server=y,suspend=n,address=127.0.0.1:56620
Begin MonoManager ReloadAssembly
Registering precompiled unity dll's ...
Register platform support module: D:/Unity/2022.3.15f1c1/Editor/Data/PlaybackEngines/WindowsStandaloneSupport/UnityEditor.WindowsStandalone.Extensions.dll
Registered in 0.028742 seconds.
- Loaded All Assemblies, in  1.689 seconds
Native extension for WindowsStandalone target not found
Mono: successfully reloaded assembly
- Finished resetting the current domain, in  1.320 seconds
Domain Reload Profiling: 2986ms
	BeginReloadAssembly (551ms)
		ExecutionOrderSort (0ms)
		DisableScriptedObjects (0ms)
		BackupInstance (0ms)
		ReleaseScriptingObjects (0ms)
		CreateAndSetChildDomain (2ms)
	RebuildCommonClasses (172ms)
	RebuildNativeTypeToScriptingClass (53ms)
	initialDomainReloadingComplete (281ms)
	LoadAllAssembliesAndSetupDomain (606ms)
		LoadAssemblies (528ms)
		RebuildTransferFunctionScriptingTraits (0ms)
		AnalyzeDomain (600ms)
			TypeCache.Refresh (595ms)
				TypeCache.ScanAssembly (535ms)
			ScanForSourceGeneratedMonoScriptInfo (1ms)
			ResolveRequiredComponents (2ms)
	FinalizeReload (1322ms)
		ReleaseScriptCaches (0ms)
		RebuildScriptCaches (0ms)
		SetupLoadedEditorAssemblies (1005ms)
			LogAssemblyErrors (0ms)
			InitializePlatformSupportModulesInManaged (38ms)
			SetLoadedEditorAssemblies (31ms)
			RefreshPlugins (0ms)
			BeforeProcessingInitializeOnLoad (11ms)
			ProcessInitializeOnLoadAttributes (709ms)
			ProcessInitializeOnLoadMethodAttributes (216ms)
			AfterProcessingInitializeOnLoad (0ms)
			EditorAssembliesLoaded (0ms)
		ExecutionOrderSort2 (0ms)
		AwakeInstancesAfterBackupRestoration (0ms)
========================================================================
Worker process is ready to serve import requests
Begin MonoManager ReloadAssembly
- Loaded All Assemblies, in  4.465 seconds
Refreshing native plugins compatible for Editor in 40.73 ms, found 4 plugins.
Native extension for WindowsStandalone target not found
Package Manager log level set to [2]
[Package Manager] Server::EnsureServerProcessIsRunning -- launch failed, reason: Unity was launched with the -noUpm command-line argument
[Package Manager] UpmClient::Send -- Unable to send message (not connected to UPM process).
[Package Manager] Cannot connect to Unity Package Manager local server
Mono: successfully reloaded assembly
- Finished resetting the current domain, in  3.322 seconds
Domain Reload Profiling: 7732ms
	BeginReloadAssembly (897ms)
		ExecutionOrderSort (0ms)
		DisableScriptedObjects (28ms)
		BackupInstance (0ms)
		ReleaseScriptingObjects (1ms)
		CreateAndSetChildDomain (113ms)
	RebuildCommonClasses (217ms)
	RebuildNativeTypeToScriptingClass (96ms)
	initialDomainReloadingComplete (299ms)
	LoadAllAssembliesAndSetupDomain (2898ms)
		LoadAssemblies (1907ms)
		RebuildTransferFunctionScriptingTraits (0ms)
		AnalyzeDomain (1568ms)
			TypeCache.Refresh (1297ms)
				TypeCache.ScanAssembly (1220ms)
			ScanForSourceGeneratedMonoScriptInfo (179ms)
			ResolveRequiredComponents (90ms)
	FinalizeReload (3325ms)
		ReleaseScriptCaches (0ms)
		RebuildScriptCaches (0ms)
		SetupLoadedEditorAssemblies (2357ms)
			LogAssemblyErrors (0ms)
			InitializePlatformSupportModulesInManaged (26ms)
			SetLoadedEditorAssemblies (16ms)
			RefreshPlugins (0ms)
			BeforeProcessingInitializeOnLoad (397ms)
			ProcessInitializeOnLoadAttributes (1498ms)
			ProcessInitializeOnLoadMethodAttributes (360ms)
			AfterProcessingInitializeOnLoad (60ms)
			EditorAssembliesLoaded (1ms)
		ExecutionOrderSort2 (0ms)
		AwakeInstancesAfterBackupRestoration (40ms)
Launched and connected shader compiler UnityShaderCompiler.exe after 0.14 seconds
Refreshing native plugins compatible for Editor in 49.39 ms, found 4 plugins.
Preloading 0 native plugins for Editor in 0.00 ms.
Unloading 6419 Unused Serialized files (Serialized files now loaded: 0)
Unloading 94 unused Assets / (506.9 KB). Loaded Objects now: 6899.
Memory consumption went from 259.2 MB to 258.7 MB.
Total: 13.802700 ms (FindLiveObjects: 1.957600 ms CreateObjectMapping: 1.996500 ms MarkObjects: 8.704400 ms  DeleteObjects: 1.138900 ms)

AssetImportParameters requested are different than current active one (requested -> active):
  custom:container-demuxer-ogg: 62fdf1f143b41e24485cea50d1cbac27 -> 
  custom:framework-win-MediaFoundation: 216162199b28c13a410421893ffa2e32 -> 
  custom:container-muxer-webm: aa71ff27fc2769a1b78a27578f13a17b -> 
  custom:video-decoder-webm-vp8: 9c59270c3fd7afecdb556c50c9e8de78 -> 
  custom:SearchIndexIgnoredProperties: e643bd26f0fe6173181afceb89e7c659 -> 
  custom:AudioImporter_EditorPlatform: d09bf68614088b80899f8185d706f6e7 -> 
  custom:audio-decoder-ogg-vorbis: bf7c407c2cedff20999df2af8eb42d56 -> 
  custom:audio-encoder-webm-vorbis: bf7c407c2cedff20999df2af8eb42d56 -> 
  custom:video-decoder-ogg-theora: a1e56fd34408186e4bbccfd4996cb3dc -> 
  custom:CustomObjectIndexerAttribute: 4d1d7186bcbbfe361de5f0ad951e585c -> 
  custom:container-demuxer-webm: 4f35f7cbe854078d1ac9338744f61a02 -> 
  custom:video-encoder-webm-vp8: eb34c28f22e8b96e1ab97ce403110664 -> 
========================================================================
Received Import Request.
  Time since last request: 1088085.501752 seconds.
  path: Assets/Audio/sfx_flood.wav
  artifactKey: Guid(6fbd66dbb063dd64d9874cdf9ce7ee6f) Importer(815301076,1909f56bfc062723c751e8b465ee728b)
Start importing Assets/Audio/sfx_flood.wav using Guid(6fbd66dbb063dd64d9874cdf9ce7ee6f) Importer(815301076,1909f56bfc062723c751e8b465ee728b)  -> (artifact id: '8e1102f487dca70215ec1c31af9587e9') in 0.516959 seconds
Number of updated asset objects reloaded before import = 0
Number of asset objects unloaded after import = 2
========================================================================
Received Import Request.
  Time since last request: 0.000064 seconds.
  path: Assets/Audio/sfx_wood.wav
  artifactKey: Guid(37f26a7946d804a40854926b861b6d07) Importer(815301076,1909f56bfc062723c751e8b465ee728b)
Start importing Assets/Audio/sfx_wood.wav using Guid(37f26a7946d804a40854926b861b6d07) Importer(815301076,1909f56bfc062723c751e8b465ee728b)  -> (artifact id: 'f060b323898822a7c54584cf62ae405f') in 0.032868 seconds
Number of updated asset objects reloaded before import = 0
Number of asset objects unloaded after import = 2
========================================================================
Received Import Request.
  Time since last request: 0.004857 seconds.
  path: Assets/Audio/sfx_outfire.wav
  artifactKey: Guid(820346fffaa9c2d4394cc9865f12ff11) Importer(815301076,1909f56bfc062723c751e8b465ee728b)
Start importing Assets/Audio/sfx_outfire.wav using Guid(820346fffaa9c2d4394cc9865f12ff11) Importer(815301076,1909f56bfc062723c751e8b465ee728b)  -> (artifact id: '5ee341a968b41f18626d5d7a213239f1') in 0.036881 seconds
Number of updated asset objects reloaded before import = 0
Number of asset objects unloaded after import = 2
========================================================================
Received Import Request.
  Time since last request: 0.000693 seconds.
  path: Assets/Audio/sfx_draft.wav
  artifactKey: Guid(bfa16315380748a4a8680bca5b176fe4) Importer(815301076,1909f56bfc062723c751e8b465ee728b)
Start importing Assets/Audio/sfx_draft.wav using Guid(bfa16315380748a4a8680bca5b176fe4) Importer(815301076,1909f56bfc062723c751e8b465ee728b)  -> (artifact id: '5b571ab85d152872ec0547bd04252bee') in 0.036595 seconds
Number of updated asset objects reloaded before import = 0
Number of asset objects unloaded after import = 2
========================================================================
Received Import Request.
  Time since last request: 0.000980 seconds.
  path: Assets/Audio/sfx_supply.wav
  artifactKey: Guid(6576a59074f0bac4a9bc9c5e89093858) Importer(815301076,1909f56bfc062723c751e8b465ee728b)
Start importing Assets/Audio/sfx_supply.wav using Guid(6576a59074f0bac4a9bc9c5e89093858) Importer(815301076,1909f56bfc062723c751e8b465ee728b)  -> (artifact id: '1d9571595544c78befa61d4710f26bb3') in 0.032106 seconds
Number of updated asset objects reloaded before import = 0
Number of asset objects unloaded after import = 2
========================================================================
Received Import Request.
  Time since last request: 0.000954 seconds.
  path: Assets/Audio/sfx_knife1.wav
  artifactKey: Guid(73005b5af69bf934aa17059f991344e2) Importer(815301076,1909f56bfc062723c751e8b465ee728b)
Start importing Assets/Audio/sfx_knife1.wav using Guid(73005b5af69bf934aa17059f991344e2) Importer(815301076,1909f56bfc062723c751e8b465ee728b)  -> (artifact id: 'de3c94f13a1c6b64c9e2e19cd940216b') in 0.029969 seconds
Number of updated asset objects reloaded before import = 0
Number of asset objects unloaded after import = 2
========================================================================
Received Import Request.
  Time since last request: 0.000042 seconds.
  path: Assets/Audio/sfx_hellfire.wav
  artifactKey: Guid(1e7b86d69bde11c4f9a3fab256a3683a) Importer(815301076,1909f56bfc062723c751e8b465ee728b)
Start importing Assets/Audio/sfx_hellfire.wav using Guid(1e7b86d69bde11c4f9a3fab256a3683a) Importer(815301076,1909f56bfc062723c751e8b465ee728b)  -> (artifact id: '2c0703426a487e0f698bb30959a5c3e5') in 0.030212 seconds
Number of updated asset objects reloaded before import = 0
Number of asset objects unloaded after import = 2
========================================================================
Received Import Request.
  Time since last request: 0.008440 seconds.
  path: Assets/Audio/BGM/battle.mp3
  artifactKey: Guid(6d30b71392180194984cc483d020ae84) Importer(815301076,1909f56bfc062723c751e8b465ee728b)
Start importing Assets/Audio/BGM/battle.mp3 using Guid(6d30b71392180194984cc483d020ae84) Importer(815301076,1909f56bfc062723c751e8b465ee728b)  -> (artifact id: '274954c04004c9ec60839261beb194a5') in 0.035791 seconds
Number of updated asset objects reloaded before import = 0
Number of asset objects unloaded after import = 2
========================================================================
Received Import Request.
  Time since last request: 0.004899 seconds.
  path: Assets/Audio/sfx_click.wav
  artifactKey: Guid(95e19d6e67da8644fb6a2e3ddcef88d4) Importer(815301076,1909f56bfc062723c751e8b465ee728b)
Start importing Assets/Audio/sfx_click.wav using Guid(95e19d6e67da8644fb6a2e3ddcef88d4) Importer(815301076,1909f56bfc062723c751e8b465ee728b)  -> (artifact id: '92347e490aecbcbe81ba898a085671b4') in 0.027180 seconds
Number of updated asset objects reloaded before import = 0
Number of asset objects unloaded after import = 2
========================================================================
Received Import Request.
  Time since last request: 0.000712 seconds.
  path: Assets/Audio/sfx_openbox.wav
  artifactKey: Guid(2c303bc759f6f9d47905dca9b9acd446) Importer(815301076,1909f56bfc062723c751e8b465ee728b)
Start importing Assets/Audio/sfx_openbox.wav using Guid(2c303bc759f6f9d47905dca9b9acd446) Importer(815301076,1909f56bfc062723c751e8b465ee728b)  -> (artifact id: 'f463ee4e1e9fac0e39d623615a1e72c0') in 0.026185 seconds
Number of updated asset objects reloaded before import = 0
Number of asset objects unloaded after import = 2
========================================================================
Received Import Request.
  Time since last request: 0.000058 seconds.
  path: Assets/Audio/sfx_food.wav
  artifactKey: Guid(ca3765d507432d74db351e5c3f52de2b) Importer(815301076,1909f56bfc062723c751e8b465ee728b)
Start importing Assets/Audio/sfx_food.wav using Guid(ca3765d507432d74db351e5c3f52de2b) Importer(815301076,1909f56bfc062723c751e8b465ee728b)  -> (artifact id: 'eb87376394c7de2bd56cf6405c0f5c49') in 0.019887 seconds
Number of updated asset objects reloaded before import = 0
Number of asset objects unloaded after import = 2
========================================================================
Received Import Request.
  Time since last request: 0.000662 seconds.
  path: Assets/Audio/sfx_rumor.wav
  artifactKey: Guid(f6d87e1343828764c88cc1e75eb0f171) Importer(815301076,1909f56bfc062723c751e8b465ee728b)
Start importing Assets/Audio/sfx_rumor.wav using Guid(f6d87e1343828764c88cc1e75eb0f171) Importer(815301076,1909f56bfc062723c751e8b465ee728b)  -> (artifact id: '7302836be12ab3e891ff9beed35834f1') in 0.022725 seconds
Number of updated asset objects reloaded before import = 0
Number of asset objects unloaded after import = 2
========================================================================
Received Import Request.
  Time since last request: 0.000048 seconds.
  path: Assets/Audio/sfx_explode.wav
  artifactKey: Guid(c7ad734615c2d974f8bd8898edbd00c9) Importer(815301076,1909f56bfc062723c751e8b465ee728b)
Start importing Assets/Audio/sfx_explode.wav using Guid(c7ad734615c2d974f8bd8898edbd00c9) Importer(815301076,1909f56bfc062723c751e8b465ee728b)  -> (artifact id: '4330a8f40261f3733b12954223928df7') in 0.035457 seconds
Number of updated asset objects reloaded before import = 0
Number of asset objects unloaded after import = 2
Editor requested this worker to shutdown with reason: Scaling down because of idle timeout
TcpMessagingSession - receive error: operation aborted. errorcode: 995, details: 由于线程退出或应用程序请求，已中止 I/O 操作。
AssetImportWorker is now disconnected from the server
Process exiting
Exiting without the bug reporter. Application will terminate with return code 0