Using pre-set license
Built from '2022.3/china_unity/release' branch; Version is '2022.3.15f1c1 (18739dc7bca8) revision 1602461'; Using compiler version '192829333'; Build Type 'Release'
OS: 'Windows 11  (10.0.22635) 64bit Professional' Language: 'zh' Physical Memory: 32581 MB
BatchMode: 1, IsHumanControllingUs: 0, StartBugReporterOnCrash: 0, Is64bit: 1, IsPro: 1

COMMAND LINE ARGUMENTS:
D:\Program Files\Unity 2022.3.15f1c1\Editor\Unity.exe
-adb2
-batchMode
-noUpm
-name
AssetImportWorker1
-projectPath
H:/unity/SE-LOCM/SE_LOCM
-logFile
Logs/AssetImportWorker1.log
-srvPort
13737
Successfully changed project path to: H:/unity/SE-LOCM/SE_LOCM
H:/unity/SE-LOCM/SE_LOCM
[UnityMemory] Configuration Parameters - Can be set up in boot.config
    "memorysetup-bucket-allocator-granularity=16"
    "memorysetup-bucket-allocator-bucket-count=8"
    "memorysetup-bucket-allocator-block-size=33554432"
    "memorysetup-bucket-allocator-block-count=8"
    "memorysetup-main-allocator-block-size=16777216"
    "memorysetup-thread-allocator-block-size=16777216"
    "memorysetup-gfx-main-allocator-block-size=16777216"
    "memorysetup-gfx-thread-allocator-block-size=16777216"
    "memorysetup-cache-allocator-block-size=4194304"
    "memorysetup-typetree-allocator-block-size=2097152"
    "memorysetup-profiler-bucket-allocator-granularity=16"
    "memorysetup-profiler-bucket-allocator-bucket-count=8"
    "memorysetup-profiler-bucket-allocator-block-size=33554432"
    "memorysetup-profiler-bucket-allocator-block-count=8"
    "memorysetup-profiler-allocator-block-size=16777216"
    "memorysetup-profiler-editor-allocator-block-size=1048576"
    "memorysetup-temp-allocator-size-main=16777216"
    "memorysetup-job-temp-allocator-block-size=2097152"
    "memorysetup-job-temp-allocator-block-size-background=1048576"
    "memorysetup-job-temp-allocator-reduction-small-platforms=262144"
    "memorysetup-allocator-temp-initial-block-size-main=262144"
    "memorysetup-allocator-temp-initial-block-size-worker=262144"
    "memorysetup-temp-allocator-size-background-worker=32768"
    "memorysetup-temp-allocator-size-job-worker=262144"
    "memorysetup-temp-allocator-size-preload-manager=33554432"
    "memorysetup-temp-allocator-size-nav-mesh-worker=65536"
    "memorysetup-temp-allocator-size-audio-worker=65536"
    "memorysetup-temp-allocator-size-cloud-worker=32768"
    "memorysetup-temp-allocator-size-gi-baking-worker=262144"
    "memorysetup-temp-allocator-size-gfx=262144"
Player connection [18044] Host "[IP] 192.168.0.103 [Port] 0 [Flags] 2 [Guid] 2655582144 [EditorId] 2655582144 [Version] 1048832 [Id] WindowsEditor(7,738NGX) [Debug] 1 [PackageName] WindowsEditor [ProjectName] Editor" joined multi-casting on [225.0.0.222:54997]...

Player connection [18044] Host "[IP] 192.168.0.103 [Port] 0 [Flags] 2 [Guid] 2655582144 [EditorId] 2655582144 [Version] 1048832 [Id] WindowsEditor(7,738NGX) [Debug] 1 [PackageName] WindowsEditor [ProjectName] Editor" joined alternative multi-casting on [225.0.0.222:34997]...

[Physics::Module] Initialized MultithreadedJobDispatcher with 19 workers.
Refreshing native plugins compatible for Editor in 9.97 ms, found 4 plugins.
Preloading 0 native plugins for Editor in 0.00 ms.
Initialize engine version: 2022.3.15f1c1 (18739dc7bca8)
[Subsystems] Discovering subsystems at path D:/Program Files/Unity 2022.3.15f1c1/Editor/Data/Resources/UnitySubsystems
[Subsystems] Discovering subsystems at path H:/unity/SE-LOCM/SE_LOCM/Assets
GfxDevice: creating device client; threaded=0; jobified=0
Direct3D:
    Version:  Direct3D 11.0 [level 11.1]
    Renderer: NVIDIA GeForce RTX 2060 (ID=0x1f08)
    Vendor:   NVIDIA
    VRAM:     5968 MB
    Driver:   31.0.15.3640
Initialize mono
Mono path[0] = 'D:/Program Files/Unity 2022.3.15f1c1/Editor/Data/Managed'
Mono path[1] = 'D:/Program Files/Unity 2022.3.15f1c1/Editor/Data/MonoBleedingEdge/lib/mono/unityjit-win32'
Mono config path = 'D:/Program Files/Unity 2022.3.15f1c1/Editor/Data/MonoBleedingEdge/etc'
Using monoOptions --debugger-agent=transport=dt_socket,embedding=1,server=y,suspend=n,address=127.0.0.1:56724
Begin MonoManager ReloadAssembly
Registering precompiled unity dll's ...
Register platform support module: D:/Program Files/Unity 2022.3.15f1c1/Editor/Data/PlaybackEngines/WindowsStandaloneSupport/UnityEditor.WindowsStandalone.Extensions.dll
Registered in 0.003642 seconds.
- Loaded All Assemblies, in  0.218 seconds
Native extension for WindowsStandalone target not found
Mono: successfully reloaded assembly
- Finished resetting the current domain, in  0.153 seconds
Domain Reload Profiling: 368ms
	BeginReloadAssembly (78ms)
		ExecutionOrderSort (0ms)
		DisableScriptedObjects (0ms)
		BackupInstance (0ms)
		ReleaseScriptingObjects (0ms)
		CreateAndSetChildDomain (0ms)
	RebuildCommonClasses (19ms)
	RebuildNativeTypeToScriptingClass (6ms)
	initialDomainReloadingComplete (36ms)
	LoadAllAssembliesAndSetupDomain (75ms)
		LoadAssemblies (75ms)
		RebuildTransferFunctionScriptingTraits (0ms)
		AnalyzeDomain (74ms)
			TypeCache.Refresh (73ms)
				TypeCache.ScanAssembly (65ms)
			ScanForSourceGeneratedMonoScriptInfo (0ms)
			ResolveRequiredComponents (0ms)
	FinalizeReload (154ms)
		ReleaseScriptCaches (0ms)
		RebuildScriptCaches (0ms)
		SetupLoadedEditorAssemblies (122ms)
			LogAssemblyErrors (0ms)
			InitializePlatformSupportModulesInManaged (5ms)
			SetLoadedEditorAssemblies (4ms)
			RefreshPlugins (0ms)
			BeforeProcessingInitializeOnLoad (1ms)
			ProcessInitializeOnLoadAttributes (83ms)
			ProcessInitializeOnLoadMethodAttributes (28ms)
			AfterProcessingInitializeOnLoad (0ms)
			EditorAssembliesLoaded (0ms)
		ExecutionOrderSort2 (0ms)
		AwakeInstancesAfterBackupRestoration (0ms)
========================================================================
Worker process is ready to serve import requests
Begin MonoManager ReloadAssembly
- Loaded All Assemblies, in  0.431 seconds
Refreshing native plugins compatible for Editor in 2.88 ms, found 4 plugins.
Native extension for WindowsStandalone target not found
Package Manager log level set to [2]
[Package Manager] Server::EnsureServerProcessIsRunning -- launch failed, reason: Unity was launched with the -noUpm command-line argument
[Package Manager] UpmClient::Send -- Unable to send message (not connected to UPM process).
[Package Manager] Cannot connect to Unity Package Manager local server
Mono: successfully reloaded assembly
- Finished resetting the current domain, in  0.363 seconds
Domain Reload Profiling: 789ms
	BeginReloadAssembly (113ms)
		ExecutionOrderSort (0ms)
		DisableScriptedObjects (3ms)
		BackupInstance (0ms)
		ReleaseScriptingObjects (0ms)
		CreateAndSetChildDomain (13ms)
	RebuildCommonClasses (19ms)
	RebuildNativeTypeToScriptingClass (6ms)
	initialDomainReloadingComplete (29ms)
	LoadAllAssembliesAndSetupDomain (259ms)
		LoadAssemblies (226ms)
		RebuildTransferFunctionScriptingTraits (0ms)
		AnalyzeDomain (108ms)
			TypeCache.Refresh (87ms)
				TypeCache.ScanAssembly (76ms)
			ScanForSourceGeneratedMonoScriptInfo (13ms)
			ResolveRequiredComponents (6ms)
	FinalizeReload (363ms)
		ReleaseScriptCaches (0ms)
		RebuildScriptCaches (0ms)
		SetupLoadedEditorAssemblies (260ms)
			LogAssemblyErrors (0ms)
			InitializePlatformSupportModulesInManaged (3ms)
			SetLoadedEditorAssemblies (3ms)
			RefreshPlugins (0ms)
			BeforeProcessingInitializeOnLoad (42ms)
			ProcessInitializeOnLoadAttributes (184ms)
			ProcessInitializeOnLoadMethodAttributes (20ms)
			AfterProcessingInitializeOnLoad (8ms)
			EditorAssembliesLoaded (0ms)
		ExecutionOrderSort2 (0ms)
		AwakeInstancesAfterBackupRestoration (7ms)
Launched and connected shader compiler UnityShaderCompiler.exe after 0.03 seconds
Refreshing native plugins compatible for Editor in 2.70 ms, found 4 plugins.
Preloading 0 native plugins for Editor in 0.00 ms.
Unloading 4764 Unused Serialized files (Serialized files now loaded: 0)
Unloading 72 unused Assets / (244.9 KB). Loaded Objects now: 5220.
Memory consumption went from 166.5 MB to 166.3 MB.
Total: 2.349200 ms (FindLiveObjects: 0.206800 ms CreateObjectMapping: 0.062900 ms MarkObjects: 1.912500 ms  DeleteObjects: 0.165300 ms)

AssetImportParameters requested are different than current active one (requested -> active):
  custom:container-demuxer-ogg: 62fdf1f143b41e24485cea50d1cbac27 -> 
  custom:video-decoder-ogg-theora: a1e56fd34408186e4bbccfd4996cb3dc -> 
  custom:framework-win-MediaFoundation: 216162199b28c13a410421893ffa2e32 -> 
  custom:CustomObjectIndexerAttribute: 43b350a4d6e6d1791af0b5038c4bea17 -> 
  custom:container-demuxer-webm: 4f35f7cbe854078d1ac9338744f61a02 -> 
  custom:container-muxer-webm: aa71ff27fc2769a1b78a27578f13a17b -> 
  custom:video-decoder-webm-vp8: 9c59270c3fd7afecdb556c50c9e8de78 -> 
  custom:SearchIndexIgnoredProperties: e643bd26f0fe6173181afceb89e7c659 -> 
  custom:AudioImporter_EditorPlatform: d09bf68614088b80899f8185d706f6e7 -> 
  custom:video-encoder-webm-vp8: eb34c28f22e8b96e1ab97ce403110664 -> 
  custom:audio-decoder-ogg-vorbis: bf7c407c2cedff20999df2af8eb42d56 -> 
  custom:audio-encoder-webm-vorbis: bf7c407c2cedff20999df2af8eb42d56 -> 
========================================================================
Received Import Request.
  Time since last request: 7933.193025 seconds.
  path: Assets/ui/battle/card_equip.png
  artifactKey: Guid(e5b33e80e2a9e194783466f81f033994) Importer(815301076,1909f56bfc062723c751e8b465ee728b)
Start importing Assets/ui/battle/card_equip.png using Guid(e5b33e80e2a9e194783466f81f033994) Importer(815301076,1909f56bfc062723c751e8b465ee728b)  -> (artifact id: '6dae47735ed4f5d10cd4c5e71fd7747d') in 0.101727 seconds
Number of updated asset objects reloaded before import = 0
Number of asset objects unloaded after import = 3
========================================================================
Received Import Request.
  Time since last request: 0.000017 seconds.
  path: Assets/ui/battle/next.png
  artifactKey: Guid(31c95ffe19f254747956c5aae07313b3) Importer(815301076,1909f56bfc062723c751e8b465ee728b)
Start importing Assets/ui/battle/next.png using Guid(31c95ffe19f254747956c5aae07313b3) Importer(815301076,1909f56bfc062723c751e8b465ee728b)  -> (artifact id: '0f35d3e4493c2012be1c30b520e833c5') in 0.017919 seconds
Number of updated asset objects reloaded before import = 0
Number of asset objects unloaded after import = 3
========================================================================
Received Import Request.
  Time since last request: 0.000031 seconds.
  path: Assets/ui/battle/card_spell.png
  artifactKey: Guid(a2ebadf795e92b64faaf5706cdfdc502) Importer(815301076,1909f56bfc062723c751e8b465ee728b)
Start importing Assets/ui/battle/card_spell.png using Guid(a2ebadf795e92b64faaf5706cdfdc502) Importer(815301076,1909f56bfc062723c751e8b465ee728b)  -> (artifact id: '4e64de81824d034c8913816c28e02956') in 0.013085 seconds
Number of updated asset objects reloaded before import = 0
Number of asset objects unloaded after import = 3
========================================================================
Received Import Request.
  Time since last request: 0.000015 seconds.
  path: Assets/ui/battle/sp.png
  artifactKey: Guid(e28fb13f62ddbbc4593f568ebc0abd7e) Importer(815301076,1909f56bfc062723c751e8b465ee728b)
Start importing Assets/ui/battle/sp.png using Guid(e28fb13f62ddbbc4593f568ebc0abd7e) Importer(815301076,1909f56bfc062723c751e8b465ee728b)  -> (artifact id: 'c0b53007be92fd0416366d9f330f24d6') in 0.043823 seconds
Number of updated asset objects reloaded before import = 0
Number of asset objects unloaded after import = 3
========================================================================
Received Import Request.
  Time since last request: 0.000021 seconds.
  path: Assets/ui/battle/STXINWEI SDF.asset
  artifactKey: Guid(3b161208620763d48803d3a9cad9fc91) Importer(815301076,1909f56bfc062723c751e8b465ee728b)
Start importing Assets/ui/battle/STXINWEI SDF.asset using Guid(3b161208620763d48803d3a9cad9fc91) Importer(815301076,1909f56bfc062723c751e8b465ee728b)  -> (artifact id: 'cb1341966a5e5402bdff81f684e8a284') in 0.068626 seconds
Number of updated asset objects reloaded before import = 0
Number of asset objects unloaded after import = 4
========================================================================
Received Import Request.
  Time since last request: 27.483366 seconds.
  path: Assets/FungusExamples/Sherlock/Portraits/John/annoyed.png
  artifactKey: Guid(e8a9122c4dc10b14da3b625e1f2634c9) Importer(815301076,1909f56bfc062723c751e8b465ee728b)
Start importing Assets/FungusExamples/Sherlock/Portraits/John/annoyed.png using Guid(e8a9122c4dc10b14da3b625e1f2634c9) Importer(815301076,1909f56bfc062723c751e8b465ee728b)  -> (artifact id: '219ddf634fc70094e87988263a5bc628') in 0.031456 seconds
Number of updated asset objects reloaded before import = 0
Number of asset objects unloaded after import = 3
========================================================================
Received Import Request.
  Time since last request: 0.000016 seconds.
  path: Assets/Fungus/Resources/Sprites/Background.png
  artifactKey: Guid(78bc8db714c3749cc8bd8c0b7e525b85) Importer(815301076,1909f56bfc062723c751e8b465ee728b)
Start importing Assets/Fungus/Resources/Sprites/Background.png using Guid(78bc8db714c3749cc8bd8c0b7e525b85) Importer(815301076,1909f56bfc062723c751e8b465ee728b)  -> (artifact id: 'c17f2d381883f051f61ca5b7108b17de') in 0.058798 seconds
Number of updated asset objects reloaded before import = 0
Number of asset objects unloaded after import = 3
========================================================================
Received Import Request.
  Time since last request: 0.000023 seconds.
  path: Assets/FungusExamples/Sherlock/Portraits/John/calling-neutral.png
  artifactKey: Guid(38ccc1258813909498d806f622c3edb6) Importer(815301076,1909f56bfc062723c751e8b465ee728b)
Start importing Assets/FungusExamples/Sherlock/Portraits/John/calling-neutral.png using Guid(38ccc1258813909498d806f622c3edb6) Importer(815301076,1909f56bfc062723c751e8b465ee728b)  -> (artifact id: '14e181e5f57c1a42ed1d0992421a5e05') in 0.035742 seconds
Number of updated asset objects reloaded before import = 0
Number of asset objects unloaded after import = 3
========================================================================
Received Import Request.
  Time since last request: 0.000038 seconds.
  path: Assets/FungusExamples/Sherlock/Images/background.jpg
  artifactKey: Guid(0e9767bc88b404362852d1a4d5c0d103) Importer(815301076,1909f56bfc062723c751e8b465ee728b)
Start importing Assets/FungusExamples/Sherlock/Images/background.jpg using Guid(0e9767bc88b404362852d1a4d5c0d103) Importer(815301076,1909f56bfc062723c751e8b465ee728b)  -> (artifact id: '5b43fb6f514de9a842f2df58f57ad63e') in 0.045803 seconds
Number of updated asset objects reloaded before import = 0
Number of asset objects unloaded after import = 3
========================================================================
Received Import Request.
  Time since last request: 3.260384 seconds.
  path: Assets/FungusExamples/Playground/Sprites/Circle.png
  artifactKey: Guid(6f62c397230d6d845b87a8e53d67c0e1) Importer(815301076,1909f56bfc062723c751e8b465ee728b)
Start importing Assets/FungusExamples/Playground/Sprites/Circle.png using Guid(6f62c397230d6d845b87a8e53d67c0e1) Importer(815301076,1909f56bfc062723c751e8b465ee728b)  -> (artifact id: '706dcfacf4dcf13aa1713ab3d6e5ac93') in 0.016870 seconds
Number of updated asset objects reloaded before import = 0
Number of asset objects unloaded after import = 3
========================================================================
Received Import Request.
  Time since last request: 0.124081 seconds.
  path: Assets/FungusExamples/Sherlock/Portraits/John/confident.png
  artifactKey: Guid(03bc547cc0049594bae51f00903eedef) Importer(815301076,1909f56bfc062723c751e8b465ee728b)
Start importing Assets/FungusExamples/Sherlock/Portraits/John/confident.png using Guid(03bc547cc0049594bae51f00903eedef) Importer(815301076,1909f56bfc062723c751e8b465ee728b)  -> (artifact id: '90f97355df92e346b6f84fd4404d94d2') in 0.023313 seconds
Number of updated asset objects reloaded before import = 0
Number of asset objects unloaded after import = 3
========================================================================
Received Import Request.
  Time since last request: 0.070022 seconds.
  path: Assets/FungusExamples/Sherlock/Portraits/Sherlock/deduction.png
  artifactKey: Guid(529a0cc84e8173a4d8f60e222d904cdb) Importer(815301076,1909f56bfc062723c751e8b465ee728b)
Start importing Assets/FungusExamples/Sherlock/Portraits/Sherlock/deduction.png using Guid(529a0cc84e8173a4d8f60e222d904cdb) Importer(815301076,1909f56bfc062723c751e8b465ee728b)  -> (artifact id: 'd76828114e13e2b21dd841c09c77a8a1') in 0.027155 seconds
Number of updated asset objects reloaded before import = 0
Number of asset objects unloaded after import = 3
========================================================================
Received Import Request.
  Time since last request: 0.574965 seconds.
  path: Assets/FungusExamples/Sherlock/Portraits/Sherlock/explaining.png
  artifactKey: Guid(5ba6e5e5e65bc084ba912d2d2d8718df) Importer(815301076,1909f56bfc062723c751e8b465ee728b)
Start importing Assets/FungusExamples/Sherlock/Portraits/Sherlock/explaining.png using Guid(5ba6e5e5e65bc084ba912d2d2d8718df) Importer(815301076,1909f56bfc062723c751e8b465ee728b)  -> (artifact id: '6c822b3a99cb075d694ea159615bf380') in 0.022667 seconds
Number of updated asset objects reloaded before import = 0
Number of asset objects unloaded after import = 3
========================================================================
Received Import Request.
  Time since last request: 0.017339 seconds.
  path: Assets/FungusExamples/FungusTown/Sprites/FungusLogo.png
  artifactKey: Guid(63bf7975446de4f0887eff3390fbb4ea) Importer(815301076,1909f56bfc062723c751e8b465ee728b)
Start importing Assets/FungusExamples/FungusTown/Sprites/FungusLogo.png using Guid(63bf7975446de4f0887eff3390fbb4ea) Importer(815301076,1909f56bfc062723c751e8b465ee728b)  -> (artifact id: '1b90ee156daee451fe9c6b414a2ca0e9') in 0.021758 seconds
Number of updated asset objects reloaded before import = 0
Number of asset objects unloaded after import = 3
========================================================================
Received Import Request.
  Time since last request: 0.000044 seconds.
  path: Assets/FungusExamples/FungusTown/Sprites/FungusTown_1.png
  artifactKey: Guid(76a1572c73453431aacb9f1f816e1fed) Importer(815301076,1909f56bfc062723c751e8b465ee728b)
Start importing Assets/FungusExamples/FungusTown/Sprites/FungusTown_1.png using Guid(76a1572c73453431aacb9f1f816e1fed) Importer(815301076,1909f56bfc062723c751e8b465ee728b)  -> (artifact id: 'cf27291fb64ec516b532fc66d1b76254') in 0.019573 seconds
Number of updated asset objects reloaded before import = 0
Number of asset objects unloaded after import = 3
========================================================================
Received Import Request.
  Time since last request: 0.028456 seconds.
  path: Assets/FungusExamples/JumpingPrax/Sprites/GreenAlienSad.png
  artifactKey: Guid(d18d934d212d442ee90406fd28e6eef6) Importer(815301076,1909f56bfc062723c751e8b465ee728b)
Start importing Assets/FungusExamples/JumpingPrax/Sprites/GreenAlienSad.png using Guid(d18d934d212d442ee90406fd28e6eef6) Importer(815301076,1909f56bfc062723c751e8b465ee728b)  -> (artifact id: 'e3120766e6fa27aa41bcb793295f6326') in 0.034490 seconds
Number of updated asset objects reloaded before import = 0
Number of asset objects unloaded after import = 3
========================================================================
Received Import Request.
  Time since last request: 0.037032 seconds.
  path: Assets/FungusExamples/Sherlock/Images/ImprobableStudios.png
  artifactKey: Guid(eea3b26b25ca249f58d5659aabf1114c) Importer(815301076,1909f56bfc062723c751e8b465ee728b)
Start importing Assets/FungusExamples/Sherlock/Images/ImprobableStudios.png using Guid(eea3b26b25ca249f58d5659aabf1114c) Importer(815301076,1909f56bfc062723c751e8b465ee728b)  -> (artifact id: 'fba87228530d50d60d0ee07192bda8e1') in 0.012577 seconds
Number of updated asset objects reloaded before import = 0
Number of asset objects unloaded after import = 3
========================================================================
Received Import Request.
  Time since last request: 0.779802 seconds.
  path: Assets/Fungus/Textures/Mushroom.png
  artifactKey: Guid(ea8f56c43254d41728f5ac4e8299b6c9) Importer(815301076,1909f56bfc062723c751e8b465ee728b)
Start importing Assets/Fungus/Textures/Mushroom.png using Guid(ea8f56c43254d41728f5ac4e8299b6c9) Importer(815301076,1909f56bfc062723c751e8b465ee728b)  -> (artifact id: '398aa532dd32da9c56f29989c19a7b4b') in 0.018731 seconds
Number of updated asset objects reloaded before import = 0
Number of asset objects unloaded after import = 3
========================================================================
Received Import Request.
  Time since last request: 0.012072 seconds.
  path: Assets/Fungus/Textures/OptionButtonDisabled.png
  artifactKey: Guid(49d5ccdda7b99e24787c2abc3891294c) Importer(815301076,1909f56bfc062723c751e8b465ee728b)
Start importing Assets/Fungus/Textures/OptionButtonDisabled.png using Guid(49d5ccdda7b99e24787c2abc3891294c) Importer(815301076,1909f56bfc062723c751e8b465ee728b)  -> (artifact id: '7f48e2bda28b4de6e322c00eef8dd778') in 0.009558 seconds
Number of updated asset objects reloaded before import = 0
Number of asset objects unloaded after import = 3
========================================================================
Received Import Request.
  Time since last request: 0.031564 seconds.
  path: Assets/FungusExamples/Sherlock/Portraits/Sherlock/pleased.png
  artifactKey: Guid(a3710c5af5b436a46b8d0ff4235d1dfe) Importer(815301076,1909f56bfc062723c751e8b465ee728b)
Start importing Assets/FungusExamples/Sherlock/Portraits/Sherlock/pleased.png using Guid(a3710c5af5b436a46b8d0ff4235d1dfe) Importer(815301076,1909f56bfc062723c751e8b465ee728b)  -> (artifact id: '824ecbd710866b2b2672edc3570a184c') in 0.014219 seconds
Number of updated asset objects reloaded before import = 0
Number of asset objects unloaded after import = 3
========================================================================
Received Import Request.
  Time since last request: 0.053387 seconds.
  path: Assets/FungusExamples/TheHunter/Sprites/SanctuaryForest.jpg
  artifactKey: Guid(2230440f02def4c728f10bdb641df3a7) Importer(815301076,1909f56bfc062723c751e8b465ee728b)
Start importing Assets/FungusExamples/TheHunter/Sprites/SanctuaryForest.jpg using Guid(2230440f02def4c728f10bdb641df3a7) Importer(815301076,1909f56bfc062723c751e8b465ee728b)  -> (artifact id: '31eb8f863087fab696b3ee21d36923b1') in 0.024052 seconds
Number of updated asset objects reloaded before import = 0
Number of asset objects unloaded after import = 3
========================================================================
Received Import Request.
  Time since last request: 0.288568 seconds.
  path: Assets/Fungus/Textures/ScriptIcon.png
  artifactKey: Guid(c22400d5bd211479099238aaacbd4852) Importer(815301076,1909f56bfc062723c751e8b465ee728b)
Start importing Assets/Fungus/Textures/ScriptIcon.png using Guid(c22400d5bd211479099238aaacbd4852) Importer(815301076,1909f56bfc062723c751e8b465ee728b)  -> (artifact id: 'd4be86774700e28343bf60fc7fdf4e1d') in 0.011814 seconds
Number of updated asset objects reloaded before import = 0
Number of asset objects unloaded after import = 3
========================================================================
Received Import Request.
  Time since last request: 0.031495 seconds.
  path: Assets/FungusExamples/Sherlock/Portraits/Sherlock/sherlock_neutral.png
  artifactKey: Guid(cec88ab3171afc54b92db075974123ea) Importer(815301076,1909f56bfc062723c751e8b465ee728b)
Start importing Assets/FungusExamples/Sherlock/Portraits/Sherlock/sherlock_neutral.png using Guid(cec88ab3171afc54b92db075974123ea) Importer(815301076,1909f56bfc062723c751e8b465ee728b)  -> (artifact id: '3be1d6b68eec3b359d5d748d55928ea6') in 0.013808 seconds
Number of updated asset objects reloaded before import = 0
Number of asset objects unloaded after import = 3
========================================================================
Received Import Request.
  Time since last request: 0.012945 seconds.
  path: Assets/FungusExamples/JumpingPrax/Sprites/SmileyGreenAlienNerdy.png
  artifactKey: Guid(088536216c5364d2ba277595d378c215) Importer(815301076,1909f56bfc062723c751e8b465ee728b)
Start importing Assets/FungusExamples/JumpingPrax/Sprites/SmileyGreenAlienNerdy.png using Guid(088536216c5364d2ba277595d378c215) Importer(815301076,1909f56bfc062723c751e8b465ee728b)  -> (artifact id: 'c371169ef7cb6b91811024658b332dee') in 0.013141 seconds
Number of updated asset objects reloaded before import = 0
Number of asset objects unloaded after import = 3
========================================================================
Received Import Request.
  Time since last request: 0.028347 seconds.
  path: Assets/FungusExamples/Playground/Sprites/Square.png
  artifactKey: Guid(3cb7c35a750699348a04840d1ae1be5e) Importer(815301076,1909f56bfc062723c751e8b465ee728b)
Start importing Assets/FungusExamples/Playground/Sprites/Square.png using Guid(3cb7c35a750699348a04840d1ae1be5e) Importer(815301076,1909f56bfc062723c751e8b465ee728b)  -> (artifact id: 'e31f642abcbd6f06c81a48772ab74a4f') in 0.013527 seconds
Number of updated asset objects reloaded before import = 0
Number of asset objects unloaded after import = 3
========================================================================
Received Import Request.
  Time since last request: 0.019032 seconds.
  path: Assets/FungusExamples/Sherlock/Portraits/John/suspicious.png
  artifactKey: Guid(59d7c816c1cfb9944b5a28dfbbfe2109) Importer(815301076,1909f56bfc062723c751e8b465ee728b)
Start importing Assets/FungusExamples/Sherlock/Portraits/John/suspicious.png using Guid(59d7c816c1cfb9944b5a28dfbbfe2109) Importer(815301076,1909f56bfc062723c751e8b465ee728b)  -> (artifact id: 'd9d2f3cf44afcd5c60cdb72a34a4459e') in 0.015256 seconds
Number of updated asset objects reloaded before import = 0
Number of asset objects unloaded after import = 3
========================================================================
Received Import Request.
  Time since last request: 0.361160 seconds.
  path: Assets/FungusExamples/Sherlock/Portraits/John/tired.png
  artifactKey: Guid(3f74023835f9bd34d88b85ac04062465) Importer(815301076,1909f56bfc062723c751e8b465ee728b)
Start importing Assets/FungusExamples/Sherlock/Portraits/John/tired.png using Guid(3f74023835f9bd34d88b85ac04062465) Importer(815301076,1909f56bfc062723c751e8b465ee728b)  -> (artifact id: '0a3846523e00a8ed0742b43892a0011e') in 0.016201 seconds
Number of updated asset objects reloaded before import = 0
Number of asset objects unloaded after import = 3
========================================================================
Received Import Request.
  Time since last request: 0.011506 seconds.
  path: Assets/FungusExamples/TheHunter/Sprites/WaterfallForest.jpg
  artifactKey: Guid(abf7ee5b818ac485980005a2e5066fb0) Importer(815301076,1909f56bfc062723c751e8b465ee728b)
Start importing Assets/FungusExamples/TheHunter/Sprites/WaterfallForest.jpg using Guid(abf7ee5b818ac485980005a2e5066fb0) Importer(815301076,1909f56bfc062723c751e8b465ee728b)  -> (artifact id: '6201df964ccc31fc19742ae4f87dc6e1') in 0.019976 seconds
Number of updated asset objects reloaded before import = 0
Number of asset objects unloaded after import = 3
Editor requested this worker to shutdown with reason: Scaling down because of idle timeout
TcpMessagingSession - receive error: operation aborted. errorcode: 995, details: 由于线程退出或应用程序请求，已中止 I/O 操作。
AssetImportWorker is now disconnected from the server
Process exiting
Exiting without the bug reporter. Application will terminate with return code 0