Using pre-set license
Built from '2022.3/china_unity/release' branch; Version is '2022.3.15f1c1 (18739dc7bca8) revision 1602461'; Using compiler version '192829333'; Build Type 'Release'
OS: 'Windows 11  (10.0.22635) 64bit Professional' Language: 'zh' Physical Memory: 32581 MB
BatchMode: 1, IsHumanControllingUs: 0, StartBugReporterOnCrash: 0, Is64bit: 1, IsPro: 1

COMMAND LINE ARGUMENTS:
D:\Program Files\Unity 2022.3.15f1c1\Editor\Unity.exe
-adb2
-batchMode
-noUpm
-name
AssetImportWorker19
-projectPath
H:/unity/SE-LOCM/SE_LOCM
-logFile
Logs/AssetImportWorker19.log
-srvPort
10388
Successfully changed project path to: H:/unity/SE-LOCM/SE_LOCM
H:/unity/SE-LOCM/SE_LOCM
[UnityMemory] Configuration Parameters - Can be set up in boot.config
    "memorysetup-bucket-allocator-granularity=16"
    "memorysetup-bucket-allocator-bucket-count=8"
    "memorysetup-bucket-allocator-block-size=33554432"
    "memorysetup-bucket-allocator-block-count=8"
    "memorysetup-main-allocator-block-size=16777216"
    "memorysetup-thread-allocator-block-size=16777216"
    "memorysetup-gfx-main-allocator-block-size=16777216"
    "memorysetup-gfx-thread-allocator-block-size=16777216"
    "memorysetup-cache-allocator-block-size=4194304"
    "memorysetup-typetree-allocator-block-size=2097152"
    "memorysetup-profiler-bucket-allocator-granularity=16"
    "memorysetup-profiler-bucket-allocator-bucket-count=8"
    "memorysetup-profiler-bucket-allocator-block-size=33554432"
    "memorysetup-profiler-bucket-allocator-block-count=8"
    "memorysetup-profiler-allocator-block-size=16777216"
    "memorysetup-profiler-editor-allocator-block-size=1048576"
    "memorysetup-temp-allocator-size-main=16777216"
    "memorysetup-job-temp-allocator-block-size=2097152"
    "memorysetup-job-temp-allocator-block-size-background=1048576"
    "memorysetup-job-temp-allocator-reduction-small-platforms=262144"
    "memorysetup-allocator-temp-initial-block-size-main=262144"
    "memorysetup-allocator-temp-initial-block-size-worker=262144"
    "memorysetup-temp-allocator-size-background-worker=32768"
    "memorysetup-temp-allocator-size-job-worker=262144"
    "memorysetup-temp-allocator-size-preload-manager=33554432"
    "memorysetup-temp-allocator-size-nav-mesh-worker=65536"
    "memorysetup-temp-allocator-size-audio-worker=65536"
    "memorysetup-temp-allocator-size-cloud-worker=32768"
    "memorysetup-temp-allocator-size-gi-baking-worker=262144"
    "memorysetup-temp-allocator-size-gfx=262144"
Player connection [58780] Host "[IP] 192.168.0.103 [Port] 0 [Flags] 2 [Guid] 636639680 [EditorId] 636639680 [Version] 1048832 [Id] WindowsEditor(7,738NGX) [Debug] 1 [PackageName] WindowsEditor [ProjectName] Editor" joined multi-casting on [225.0.0.222:54997]...

Player connection [58780] Host "[IP] 192.168.0.103 [Port] 0 [Flags] 2 [Guid] 636639680 [EditorId] 636639680 [Version] 1048832 [Id] WindowsEditor(7,738NGX) [Debug] 1 [PackageName] WindowsEditor [ProjectName] Editor" joined alternative multi-casting on [225.0.0.222:34997]...

[Physics::Module] Initialized MultithreadedJobDispatcher with 19 workers.
Refreshing native plugins compatible for Editor in 18.50 ms, found 4 plugins.
Preloading 0 native plugins for Editor in 0.00 ms.
Initialize engine version: 2022.3.15f1c1 (18739dc7bca8)
[Subsystems] Discovering subsystems at path D:/Program Files/Unity 2022.3.15f1c1/Editor/Data/Resources/UnitySubsystems
[Subsystems] Discovering subsystems at path H:/unity/SE-LOCM/SE_LOCM/Assets
GfxDevice: creating device client; threaded=0; jobified=0
Direct3D:
    Version:  Direct3D 11.0 [level 11.1]
    Renderer: NVIDIA GeForce RTX 2060 (ID=0x1f08)
    Vendor:   NVIDIA
    VRAM:     5968 MB
    Driver:   31.0.15.3640
Initialize mono
Mono path[0] = 'D:/Program Files/Unity 2022.3.15f1c1/Editor/Data/Managed'
Mono path[1] = 'D:/Program Files/Unity 2022.3.15f1c1/Editor/Data/MonoBleedingEdge/lib/mono/unityjit-win32'
Mono config path = 'D:/Program Files/Unity 2022.3.15f1c1/Editor/Data/MonoBleedingEdge/etc'
Using monoOptions --debugger-agent=transport=dt_socket,embedding=1,server=y,suspend=n,address=127.0.0.1:56836
Begin MonoManager ReloadAssembly
Registering precompiled unity dll's ...
Register platform support module: D:/Program Files/Unity 2022.3.15f1c1/Editor/Data/PlaybackEngines/WindowsStandaloneSupport/UnityEditor.WindowsStandalone.Extensions.dll
Registered in 0.006072 seconds.
- Loaded All Assemblies, in  0.470 seconds
Native extension for WindowsStandalone target not found
Mono: successfully reloaded assembly
- Finished resetting the current domain, in  0.267 seconds
Domain Reload Profiling: 730ms
	BeginReloadAssembly (198ms)
		ExecutionOrderSort (0ms)
		DisableScriptedObjects (0ms)
		BackupInstance (0ms)
		ReleaseScriptingObjects (0ms)
		CreateAndSetChildDomain (1ms)
	RebuildCommonClasses (42ms)
	RebuildNativeTypeToScriptingClass (11ms)
	initialDomainReloadingComplete (71ms)
	LoadAllAssembliesAndSetupDomain (142ms)
		LoadAssemblies (187ms)
		RebuildTransferFunctionScriptingTraits (0ms)
		AnalyzeDomain (139ms)
			TypeCache.Refresh (137ms)
				TypeCache.ScanAssembly (121ms)
			ScanForSourceGeneratedMonoScriptInfo (0ms)
			ResolveRequiredComponents (0ms)
	FinalizeReload (267ms)
		ReleaseScriptCaches (0ms)
		RebuildScriptCaches (0ms)
		SetupLoadedEditorAssemblies (204ms)
			LogAssemblyErrors (0ms)
			InitializePlatformSupportModulesInManaged (9ms)
			SetLoadedEditorAssemblies (6ms)
			RefreshPlugins (0ms)
			BeforeProcessingInitializeOnLoad (3ms)
			ProcessInitializeOnLoadAttributes (137ms)
			ProcessInitializeOnLoadMethodAttributes (49ms)
			AfterProcessingInitializeOnLoad (0ms)
			EditorAssembliesLoaded (0ms)
		ExecutionOrderSort2 (0ms)
		AwakeInstancesAfterBackupRestoration (0ms)
========================================================================
Worker process is ready to serve import requests
Begin MonoManager ReloadAssembly
- Loaded All Assemblies, in  1.049 seconds
Refreshing native plugins compatible for Editor in 5.12 ms, found 4 plugins.
Native extension for WindowsStandalone target not found
Package Manager log level set to [2]
[Package Manager] Server::EnsureServerProcessIsRunning -- launch failed, reason: Unity was launched with the -noUpm command-line argument
[Package Manager] UpmClient::Send -- Unable to send message (not connected to UPM process).
[Package Manager] Cannot connect to Unity Package Manager local server
Mono: successfully reloaded assembly
- Finished resetting the current domain, in  0.754 seconds
Domain Reload Profiling: 1791ms
	BeginReloadAssembly (223ms)
		ExecutionOrderSort (0ms)
		DisableScriptedObjects (3ms)
		BackupInstance (0ms)
		ReleaseScriptingObjects (0ms)
		CreateAndSetChildDomain (15ms)
	RebuildCommonClasses (36ms)
	RebuildNativeTypeToScriptingClass (11ms)
	initialDomainReloadingComplete (63ms)
	LoadAllAssembliesAndSetupDomain (703ms)
		LoadAssemblies (613ms)
		RebuildTransferFunctionScriptingTraits (0ms)
		AnalyzeDomain (257ms)
			TypeCache.Refresh (207ms)
				TypeCache.ScanAssembly (178ms)
			ScanForSourceGeneratedMonoScriptInfo (33ms)
			ResolveRequiredComponents (16ms)
	FinalizeReload (755ms)
		ReleaseScriptCaches (0ms)
		RebuildScriptCaches (0ms)
		SetupLoadedEditorAssemblies (562ms)
			LogAssemblyErrors (0ms)
			InitializePlatformSupportModulesInManaged (5ms)
			SetLoadedEditorAssemblies (5ms)
			RefreshPlugins (0ms)
			BeforeProcessingInitializeOnLoad (83ms)
			ProcessInitializeOnLoadAttributes (359ms)
			ProcessInitializeOnLoadMethodAttributes (99ms)
			AfterProcessingInitializeOnLoad (12ms)
			EditorAssembliesLoaded (0ms)
		ExecutionOrderSort2 (0ms)
		AwakeInstancesAfterBackupRestoration (11ms)
Launched and connected shader compiler UnityShaderCompiler.exe after 0.10 seconds
Refreshing native plugins compatible for Editor in 8.18 ms, found 4 plugins.
Preloading 0 native plugins for Editor in 0.00 ms.
Unloading 6419 Unused Serialized files (Serialized files now loaded: 0)
Unloading 94 unused Assets / (505.2 KB). Loaded Objects now: 6899.
Memory consumption went from 260.4 MB to 260.0 MB.
Total: 5.121100 ms (FindLiveObjects: 0.731300 ms CreateObjectMapping: 0.431000 ms MarkObjects: 3.570900 ms  DeleteObjects: 0.385600 ms)

AssetImportParameters requested are different than current active one (requested -> active):
  custom:container-demuxer-ogg: 62fdf1f143b41e24485cea50d1cbac27 -> 
  custom:framework-win-MediaFoundation: 216162199b28c13a410421893ffa2e32 -> 
  custom:container-muxer-webm: aa71ff27fc2769a1b78a27578f13a17b -> 
  custom:video-decoder-webm-vp8: 9c59270c3fd7afecdb556c50c9e8de78 -> 
  custom:SearchIndexIgnoredProperties: e643bd26f0fe6173181afceb89e7c659 -> 
  custom:AudioImporter_EditorPlatform: d09bf68614088b80899f8185d706f6e7 -> 
  custom:audio-decoder-ogg-vorbis: bf7c407c2cedff20999df2af8eb42d56 -> 
  custom:audio-encoder-webm-vorbis: bf7c407c2cedff20999df2af8eb42d56 -> 
  custom:video-decoder-ogg-theora: a1e56fd34408186e4bbccfd4996cb3dc -> 
  custom:CustomObjectIndexerAttribute: 4d1d7186bcbbfe361de5f0ad951e585c -> 
  custom:container-demuxer-webm: 4f35f7cbe854078d1ac9338744f61a02 -> 
  custom:video-encoder-webm-vp8: eb34c28f22e8b96e1ab97ce403110664 -> 
========================================================================
Received Import Request.
  Time since last request: 45039.059217 seconds.
  path: Assets/FungusExamples/Playground/Lander.unity
  artifactKey: Guid(e4207881a675c4142bc7e463dde8a314) Importer(2089858483,3d70f49cd1c2eb9ae422958d1c652c6b)
Start importing Assets/FungusExamples/Playground/Lander.unity using Guid(e4207881a675c4142bc7e463dde8a314) Importer(2089858483,3d70f49cd1c2eb9ae422958d1c652c6b) Opening scene 'Assets/FungusExamples/Playground/Lander.unity additively'
LightingSettings: switching bake backend from 1 to 0.
Loaded scene 'Assets/FungusExamples/Playground/Lander.unity'
	Deserialize:            26.825 ms
	Integration:            34.494 ms
	Integration of assets:  1.929 ms
	Thread Wait Time:       0.061 ms
	Total Operation Time:   63.309 ms
Generated GUIDs only implemented for interfaces!
 -> (artifact id: '317af41faa08e44182d7ff62b6289d10') in 0.333090 seconds
Number of updated asset objects reloaded before import = 0
Number of asset objects unloaded after import = 9
========================================================================
Received Import Request.
  Time since last request: 0.000039 seconds.
  path: Assets/Settings/Ultra_PipelineAsset_ForwardRenderer.asset
  artifactKey: Guid(afc86fd3b86907e4c8b8eacc1c22f10d) Importer(2089858483,3d70f49cd1c2eb9ae422958d1c652c6b)
Start importing Assets/Settings/Ultra_PipelineAsset_ForwardRenderer.asset using Guid(afc86fd3b86907e4c8b8eacc1c22f10d) Importer(2089858483,3d70f49cd1c2eb9ae422958d1c652c6b) Generated GUIDs only implemented for interfaces!
 -> (artifact id: '22c299e63816f48f539bb5a6f9ced14c') in 0.009526 seconds
Number of updated asset objects reloaded before import = 0
Number of asset objects unloaded after import = 0
========================================================================
Received Import Request.
  Time since last request: 0.000052 seconds.
  path: Assets/FungusExamples/MonoBehEvents/MouseEvents.unity
  artifactKey: Guid(85e52f4d86ab48841a4622d873337298) Importer(2089858483,3d70f49cd1c2eb9ae422958d1c652c6b)
Start importing Assets/FungusExamples/MonoBehEvents/MouseEvents.unity using Guid(85e52f4d86ab48841a4622d873337298) Importer(2089858483,3d70f49cd1c2eb9ae422958d1c652c6b) Opening scene 'Assets/FungusExamples/MonoBehEvents/MouseEvents.unity additively'
LightingSettings: switching bake backend from 1 to 0.
Loaded scene 'Assets/FungusExamples/MonoBehEvents/MouseEvents.unity'
	Deserialize:            3.182 ms
	Integration:            107.814 ms
	Integration of assets:  0.005 ms
	Thread Wait Time:       0.024 ms
	Total Operation Time:   111.024 ms
Generated GUIDs only implemented for interfaces!
 -> (artifact id: 'c6009fb5c873364b1663496f5e599f25') in 0.120996 seconds
Number of updated asset objects reloaded before import = 0
Number of asset objects unloaded after import = 6
========================================================================
Received Import Request.
  Time since last request: 0.000020 seconds.
  path: Assets/Settings/Low_PipelineAsset_ForwardRenderer.asset
  artifactKey: Guid(1c226b330f568a94098360600082464c) Importer(2089858483,3d70f49cd1c2eb9ae422958d1c652c6b)
Start importing Assets/Settings/Low_PipelineAsset_ForwardRenderer.asset using Guid(1c226b330f568a94098360600082464c) Importer(2089858483,3d70f49cd1c2eb9ae422958d1c652c6b) Generated GUIDs only implemented for interfaces!
 -> (artifact id: 'ee51206ce066d81431ea310276303703') in 0.005233 seconds
Number of updated asset objects reloaded before import = 0
Number of asset objects unloaded after import = 0
========================================================================
Received Import Request.
  Time since last request: 0.000099 seconds.
  path: Assets/Settings/Medium_PipelineAsset_ForwardRenderer.asset
  artifactKey: Guid(2a166dd84c883c04ca683dd135a0ec1c) Importer(2089858483,3d70f49cd1c2eb9ae422958d1c652c6b)
Start importing Assets/Settings/Medium_PipelineAsset_ForwardRenderer.asset using Guid(2a166dd84c883c04ca683dd135a0ec1c) Importer(2089858483,3d70f49cd1c2eb9ae422958d1c652c6b) Generated GUIDs only implemented for interfaces!
 -> (artifact id: '0c77f385a649b6f868bbea855731c87b') in 0.005335 seconds
Number of updated asset objects reloaded before import = 0
Number of asset objects unloaded after import = 0
========================================================================
Received Import Request.
  Time since last request: 0.000029 seconds.
  path: Assets/FungusExamples/Playground/Defender.unity
  artifactKey: Guid(ca170c9b80637694daf36db2bbe0e31e) Importer(2089858483,3d70f49cd1c2eb9ae422958d1c652c6b)
Start importing Assets/FungusExamples/Playground/Defender.unity using Guid(ca170c9b80637694daf36db2bbe0e31e) Importer(2089858483,3d70f49cd1c2eb9ae422958d1c652c6b) Opening scene 'Assets/FungusExamples/Playground/Defender.unity additively'
LightingSettings: switching bake backend from 1 to 0.
Loaded scene 'Assets/FungusExamples/Playground/Defender.unity'
	Deserialize:            5.338 ms
	Integration:            14.160 ms
	Integration of assets:  0.077 ms
	Thread Wait Time:       0.012 ms
	Total Operation Time:   19.587 ms
Generated GUIDs only implemented for interfaces!
 -> (artifact id: '3e6f415f265bd622944f7f7dd4e8178e') in 0.032507 seconds
Number of updated asset objects reloaded before import = 0
Number of asset objects unloaded after import = 108
========================================================================
Received Import Request.
  Time since last request: 0.000016 seconds.
  path: Assets/FungusExamples/Variables/Variables.unity
  artifactKey: Guid(67781f5c55aad43f7b31def1ca85efb4) Importer(2089858483,3d70f49cd1c2eb9ae422958d1c652c6b)
Start importing Assets/FungusExamples/Variables/Variables.unity using Guid(67781f5c55aad43f7b31def1ca85efb4) Importer(2089858483,3d70f49cd1c2eb9ae422958d1c652c6b) Opening scene 'Assets/FungusExamples/Variables/Variables.unity additively'
LightingSettings: switching bake backend from 1 to 0.
Loaded scene 'Assets/FungusExamples/Variables/Variables.unity'
	Deserialize:            3.579 ms
	Integration:            5.956 ms
	Integration of assets:  0.003 ms
	Thread Wait Time:       0.016 ms
	Total Operation Time:   9.554 ms
Generated GUIDs only implemented for interfaces!
 -> (artifact id: 'aa3418eb955e5b1287f38fdbb25f5b6b') in 0.014510 seconds
Number of updated asset objects reloaded before import = 0
Number of asset objects unloaded after import = 5
========================================================================
Received Prepare
Refreshing native plugins compatible for Editor in 5.58 ms, found 4 plugins.
Preloading 0 native plugins for Editor in 0.00 ms.
Unloading 8 Unused Serialized files (Serialized files now loaded: 0)
Unloading 8 unused Assets / (487.3 KB). Loaded Objects now: 6904.
Memory consumption went from 138.2 MB to 137.7 MB.
Total: 5.581600 ms (FindLiveObjects: 0.518500 ms CreateObjectMapping: 0.439700 ms MarkObjects: 4.068400 ms  DeleteObjects: 0.552500 ms)

Prepare: number of updated asset objects reloaded= 1
AssetImportParameters requested are different than current active one (requested -> active):
  custom:container-demuxer-ogg: 62fdf1f143b41e24485cea50d1cbac27 -> 
  custom:framework-win-MediaFoundation: 216162199b28c13a410421893ffa2e32 -> 
  custom:container-muxer-webm: aa71ff27fc2769a1b78a27578f13a17b -> 
  custom:video-decoder-webm-vp8: 9c59270c3fd7afecdb556c50c9e8de78 -> 
  custom:SearchIndexIgnoredProperties: e643bd26f0fe6173181afceb89e7c659 -> 
  custom:AudioImporter_EditorPlatform: d09bf68614088b80899f8185d706f6e7 -> 
  custom:audio-decoder-ogg-vorbis: bf7c407c2cedff20999df2af8eb42d56 -> 
  custom:audio-encoder-webm-vorbis: bf7c407c2cedff20999df2af8eb42d56 -> 
  custom:video-decoder-ogg-theora: a1e56fd34408186e4bbccfd4996cb3dc -> 
  custom:CustomObjectIndexerAttribute: 4d1d7186bcbbfe361de5f0ad951e585c -> 
  custom:container-demuxer-webm: 4f35f7cbe854078d1ac9338744f61a02 -> 
  custom:video-encoder-webm-vp8: eb34c28f22e8b96e1ab97ce403110664 -> 
  custom:srp/default-material: 00000000000000000f00000000000000 -> 1323b11ab5f8e84b9c4553e3cd30b8d1
========================================================================
Received Prepare
Refreshing native plugins compatible for Editor in 5.23 ms, found 4 plugins.
Preloading 0 native plugins for Editor in 0.00 ms.
Unloading 8 Unused Serialized files (Serialized files now loaded: 0)
Unloading 8 unused Assets / (487.6 KB). Loaded Objects now: 6904.
Memory consumption went from 138.2 MB to 137.7 MB.
Total: 4.878800 ms (FindLiveObjects: 0.491300 ms CreateObjectMapping: 0.329200 ms MarkObjects: 3.798900 ms  DeleteObjects: 0.257900 ms)

Prepare: number of updated asset objects reloaded= 1
AssetImportParameters requested are different than current active one (requested -> active):
  custom:container-demuxer-ogg: 62fdf1f143b41e24485cea50d1cbac27 -> 
  custom:framework-win-MediaFoundation: 216162199b28c13a410421893ffa2e32 -> 
  custom:container-muxer-webm: aa71ff27fc2769a1b78a27578f13a17b -> 
  custom:video-decoder-webm-vp8: 9c59270c3fd7afecdb556c50c9e8de78 -> 
  custom:SearchIndexIgnoredProperties: e643bd26f0fe6173181afceb89e7c659 -> 
  custom:AudioImporter_EditorPlatform: d09bf68614088b80899f8185d706f6e7 -> 
  custom:audio-decoder-ogg-vorbis: bf7c407c2cedff20999df2af8eb42d56 -> 
  custom:audio-encoder-webm-vorbis: bf7c407c2cedff20999df2af8eb42d56 -> 
  custom:video-decoder-ogg-theora: a1e56fd34408186e4bbccfd4996cb3dc -> 
  custom:CustomObjectIndexerAttribute: 4d1d7186bcbbfe361de5f0ad951e585c -> 
  custom:container-demuxer-webm: 4f35f7cbe854078d1ac9338744f61a02 -> 
  custom:video-encoder-webm-vp8: eb34c28f22e8b96e1ab97ce403110664 -> 
========================================================================
Received Import Request.
  Time since last request: 78.651461 seconds.
  path: Assets/Settings/Low_PipelineAsset_ForwardRenderer.asset
  artifactKey: Guid(1c226b330f568a94098360600082464c) Importer(2089858483,0ecaa5967403d082aa24f35e1b516d23)
Start importing Assets/Settings/Low_PipelineAsset_ForwardRenderer.asset using Guid(1c226b330f568a94098360600082464c) Importer(2089858483,0ecaa5967403d082aa24f35e1b516d23) Generated GUIDs only implemented for interfaces!
 -> (artifact id: 'f88eff4a9044e8eb5668741bbc013a3b') in 0.040336 seconds
Number of updated asset objects reloaded before import = 0
Number of asset objects unloaded after import = 1
========================================================================
Received Import Request.
  Time since last request: 0.010842 seconds.
  path: Assets/Settings/High_PipelineAsset_ForwardRenderer.asset
  artifactKey: Guid(d0cb354769bdbdb449751b40847a5ab5) Importer(2089858483,0ecaa5967403d082aa24f35e1b516d23)
Start importing Assets/Settings/High_PipelineAsset_ForwardRenderer.asset using Guid(d0cb354769bdbdb449751b40847a5ab5) Importer(2089858483,0ecaa5967403d082aa24f35e1b516d23) Generated GUIDs only implemented for interfaces!
 -> (artifact id: 'ad83d558b68c9f191672814c6e2f3b7e') in 0.009777 seconds
Number of updated asset objects reloaded before import = 0
Number of asset objects unloaded after import = 1
========================================================================
Received Import Request.
  Time since last request: 0.000022 seconds.
  path: Assets/FungusExamples/TheHunter/TheHunter.unity
  artifactKey: Guid(7456307ca6764419c87a92bb5351630d) Importer(2089858483,0ecaa5967403d082aa24f35e1b516d23)
Start importing Assets/FungusExamples/TheHunter/TheHunter.unity using Guid(7456307ca6764419c87a92bb5351630d) Importer(2089858483,0ecaa5967403d082aa24f35e1b516d23) Generated GUIDs only implemented for interfaces!
 -> (artifact id: '7720fc8d1283c55fa5ca6596ed435d81') in 0.002831 seconds
Number of updated asset objects reloaded before import = 0
Number of asset objects unloaded after import = 1
========================================================================
Received Import Request.
  Time since last request: 0.000029 seconds.
  path: Assets/Fungus/Resources/Prefabs/StagePosition.prefab
  artifactKey: Guid(7a4c270a5c18f6549a7683844dbf9f22) Importer(2089858483,0ecaa5967403d082aa24f35e1b516d23)
Start importing Assets/Fungus/Resources/Prefabs/StagePosition.prefab using Guid(7a4c270a5c18f6549a7683844dbf9f22) Importer(2089858483,0ecaa5967403d082aa24f35e1b516d23) Generated GUIDs only implemented for interfaces!
 -> (artifact id: '5bd4f403a5bac9d241742b7a5b30be70') in 0.014016 seconds
Number of updated asset objects reloaded before import = 0
Number of asset objects unloaded after import = 7
========================================================================
Received Import Request.
  Time since last request: 0.000013 seconds.
  path: Assets/FungusExamples/Variables/GlobalVar.unity
  artifactKey: Guid(ade6b5a778f23e74ab2c1b5837bb8199) Importer(2089858483,0ecaa5967403d082aa24f35e1b516d23)
Start importing Assets/FungusExamples/Variables/GlobalVar.unity using Guid(ade6b5a778f23e74ab2c1b5837bb8199) Importer(2089858483,0ecaa5967403d082aa24f35e1b516d23) Generated GUIDs only implemented for interfaces!
 -> (artifact id: '224edccdaef255c956e91596166fb18a') in 0.002791 seconds
Number of updated asset objects reloaded before import = 0
Number of asset objects unloaded after import = 1
========================================================================
Received Import Request.
  Time since last request: 0.000061 seconds.
  path: Assets/Settings/Very High_PipelineAsset_ForwardRenderer.asset
  artifactKey: Guid(23a9d26e4f7476a4899157ffc85e2716) Importer(2089858483,0ecaa5967403d082aa24f35e1b516d23)
Start importing Assets/Settings/Very High_PipelineAsset_ForwardRenderer.asset using Guid(23a9d26e4f7476a4899157ffc85e2716) Importer(2089858483,0ecaa5967403d082aa24f35e1b516d23) Generated GUIDs only implemented for interfaces!
 -> (artifact id: 'ea661a04528a4d3c03b581900226f582') in 0.009679 seconds
Number of updated asset objects reloaded before import = 0
Number of asset objects unloaded after import = 1
========================================================================
Received Import Request.
  Time since last request: 0.000015 seconds.
  path: Assets/FungusExamples/Conversation/Conversation.unity
  artifactKey: Guid(f9de98f03841042f6a139eccdfbfcadc) Importer(2089858483,0ecaa5967403d082aa24f35e1b516d23)
Start importing Assets/FungusExamples/Conversation/Conversation.unity using Guid(f9de98f03841042f6a139eccdfbfcadc) Importer(2089858483,0ecaa5967403d082aa24f35e1b516d23) Generated GUIDs only implemented for interfaces!
 -> (artifact id: '38d8fba8aeaf4ffc6b34cf9737f8d5cf') in 0.003552 seconds
Number of updated asset objects reloaded before import = 0
Number of asset objects unloaded after import = 1
========================================================================
Received Import Request.
  Time since last request: 0.000026 seconds.
  path: Assets/FungusExamples/SaveGame/SaveGameSettings.lighting
  artifactKey: Guid(7bb1e3e360efc3041ad4e8ba05cb867a) Importer(2089858483,0ecaa5967403d082aa24f35e1b516d23)
Start importing Assets/FungusExamples/SaveGame/SaveGameSettings.lighting using Guid(7bb1e3e360efc3041ad4e8ba05cb867a) Importer(2089858483,0ecaa5967403d082aa24f35e1b516d23) LightingSettings: switching bake backend from 1 to 0.
Generated GUIDs only implemented for interfaces!
 -> (artifact id: '4a9eba5e75a39b6ad1d04ea301148d64') in 0.011060 seconds
Number of updated asset objects reloaded before import = 0
Number of asset objects unloaded after import = 1
========================================================================
Received Import Request.
  Time since last request: 0.000020 seconds.
  path: Assets/FungusExamples/iTween/iTweenSettings.lighting
  artifactKey: Guid(c25aa516074bdfd4c84fe02d67d02aa4) Importer(2089858483,0ecaa5967403d082aa24f35e1b516d23)
Start importing Assets/FungusExamples/iTween/iTweenSettings.lighting using Guid(c25aa516074bdfd4c84fe02d67d02aa4) Importer(2089858483,0ecaa5967403d082aa24f35e1b516d23) LightingSettings: switching bake backend from 1 to 0.
Generated GUIDs only implemented for interfaces!
 -> (artifact id: 'bff6f5f86455f10be2001c08ed00b560') in 0.005312 seconds
Number of updated asset objects reloaded before import = 0
Number of asset objects unloaded after import = 1
========================================================================
Received Import Request.
  Time since last request: 0.000021 seconds.
  path: Assets/FungusExamples/iTween/iTween.unity
  artifactKey: Guid(0ab45b440740d485b88d58553ba11134) Importer(2089858483,0ecaa5967403d082aa24f35e1b516d23)
Start importing Assets/FungusExamples/iTween/iTween.unity using Guid(0ab45b440740d485b88d58553ba11134) Importer(2089858483,0ecaa5967403d082aa24f35e1b516d23) Generated GUIDs only implemented for interfaces!
 -> (artifact id: '0f85fa7aafe77e722882fcfd5151f572') in 0.003544 seconds
Number of updated asset objects reloaded before import = 0
Number of asset objects unloaded after import = 1
========================================================================
Received Import Request.
  Time since last request: 0.000051 seconds.
  path: Assets/FungusExamples/FirstPerson/FirstPersonDemoSettings.lighting
  artifactKey: Guid(05c6517fa5553fb4e9614fb8703ed512) Importer(2089858483,0ecaa5967403d082aa24f35e1b516d23)
Start importing Assets/FungusExamples/FirstPerson/FirstPersonDemoSettings.lighting using Guid(05c6517fa5553fb4e9614fb8703ed512) Importer(2089858483,0ecaa5967403d082aa24f35e1b516d23) Generated GUIDs only implemented for interfaces!
 -> (artifact id: '3c123bd596909a33cde74b6535a92c4a') in 0.005704 seconds
Number of updated asset objects reloaded before import = 0
Number of asset objects unloaded after import = 1
========================================================================
Received Import Request.
  Time since last request: 0.000023 seconds.
  path: Assets/FungusExamples/TheFacility/TheFacilitySettings.lighting
  artifactKey: Guid(8e5bb5bd3e661bb488390829449d5f8e) Importer(2089858483,0ecaa5967403d082aa24f35e1b516d23)
Start importing Assets/FungusExamples/TheFacility/TheFacilitySettings.lighting using Guid(8e5bb5bd3e661bb488390829449d5f8e) Importer(2089858483,0ecaa5967403d082aa24f35e1b516d23) LightingSettings: switching bake backend from 1 to 0.
Generated GUIDs only implemented for interfaces!
 -> (artifact id: '5977314329f37eeb863be283ed79b4fd') in 0.008126 seconds
Number of updated asset objects reloaded before import = 0
Number of asset objects unloaded after import = 1
========================================================================
Received Import Request.
  Time since last request: 0.000015 seconds.
  path: Assets/Fungus/Resources/Prefabs/NarrativeLog.prefab
  artifactKey: Guid(bffd475e4bfb82f49810ceafe8d17b78) Importer(2089858483,0ecaa5967403d082aa24f35e1b516d23)
Start importing Assets/Fungus/Resources/Prefabs/NarrativeLog.prefab using Guid(bffd475e4bfb82f49810ceafe8d17b78) Importer(2089858483,0ecaa5967403d082aa24f35e1b516d23) Generated GUIDs only implemented for interfaces!
 -> (artifact id: 'dc53341565cfed61ae11cfa33a6ebe47') in 0.014157 seconds
Number of updated asset objects reloaded before import = 0
Number of asset objects unloaded after import = 42
========================================================================
Received Import Request.
  Time since last request: 0.000022 seconds.
  path: Assets/FungusExamples/Variables/GlobalVarSettings.lighting
  artifactKey: Guid(297e0b65407c5dc40b8a1cc29159a622) Importer(2089858483,0ecaa5967403d082aa24f35e1b516d23)
Start importing Assets/FungusExamples/Variables/GlobalVarSettings.lighting using Guid(297e0b65407c5dc40b8a1cc29159a622) Importer(2089858483,0ecaa5967403d082aa24f35e1b516d23) LightingSettings: switching bake backend from 1 to 0.
Generated GUIDs only implemented for interfaces!
 -> (artifact id: '76e9baf24c0d8a26c0e3d4a0d385392a') in 0.006753 seconds
Number of updated asset objects reloaded before import = 0
Number of asset objects unloaded after import = 1
========================================================================
Received Import Request.
  Time since last request: 0.000029 seconds.
  path: Assets/FungusExamples/FungusLua/Narrative/StageAndPortraitsSettings.lighting
  artifactKey: Guid(12dff4b400e065d4a9fc11e731e8d457) Importer(2089858483,0ecaa5967403d082aa24f35e1b516d23)
Start importing Assets/FungusExamples/FungusLua/Narrative/StageAndPortraitsSettings.lighting using Guid(12dff4b400e065d4a9fc11e731e8d457) Importer(2089858483,0ecaa5967403d082aa24f35e1b516d23) LightingSettings: switching bake backend from 1 to 0.
Generated GUIDs only implemented for interfaces!
 -> (artifact id: '40d64c239beb460c5e13e78c7fe18bc8') in 0.007304 seconds
Number of updated asset objects reloaded before import = 0
Number of asset objects unloaded after import = 1
========================================================================
Received Import Request.
  Time since last request: 0.000014 seconds.
  path: Assets/FungusExamples/TheHunter/TheHunterSettings.lighting
  artifactKey: Guid(4fdd4e27d0ac4684f8b48d19245b6490) Importer(2089858483,0ecaa5967403d082aa24f35e1b516d23)
Start importing Assets/FungusExamples/TheHunter/TheHunterSettings.lighting using Guid(4fdd4e27d0ac4684f8b48d19245b6490) Importer(2089858483,0ecaa5967403d082aa24f35e1b516d23) LightingSettings: switching bake backend from 1 to 0.
Generated GUIDs only implemented for interfaces!
 -> (artifact id: 'fc643023b3b5b0a2858c934a37049fe4') in 0.006348 seconds
Number of updated asset objects reloaded before import = 0
Number of asset objects unloaded after import = 1
========================================================================
Received Import Request.
  Time since last request: 0.000026 seconds.
  path: Assets/FungusExamples/DragAndDrop/DragAndDrop(EventSystem)Settings.lighting
  artifactKey: Guid(8fdfd55567ec9f945b5447d4f1e522e0) Importer(2089858483,0ecaa5967403d082aa24f35e1b516d23)
Start importing Assets/FungusExamples/DragAndDrop/DragAndDrop(EventSystem)Settings.lighting using Guid(8fdfd55567ec9f945b5447d4f1e522e0) Importer(2089858483,0ecaa5967403d082aa24f35e1b516d23) LightingSettings: switching bake backend from 1 to 0.
Generated GUIDs only implemented for interfaces!
 -> (artifact id: '40094b5a2afbaa9995d94b241f9a0ac1') in 0.006561 seconds
Number of updated asset objects reloaded before import = 0
Number of asset objects unloaded after import = 1
========================================================================
Received Import Request.
  Time since last request: 0.000016 seconds.
  path: Assets/FungusExamples/Conversation/CustomSayDialogsSettings.lighting
  artifactKey: Guid(2550271a0624f5144bdecc0485ba971c) Importer(2089858483,0ecaa5967403d082aa24f35e1b516d23)
Start importing Assets/FungusExamples/Conversation/CustomSayDialogsSettings.lighting using Guid(2550271a0624f5144bdecc0485ba971c) Importer(2089858483,0ecaa5967403d082aa24f35e1b516d23) LightingSettings: switching bake backend from 1 to 0.
Generated GUIDs only implemented for interfaces!
 -> (artifact id: '0fbf3af3c6332d81bd13e23a5000e13d') in 0.008913 seconds
Number of updated asset objects reloaded before import = 0
Number of asset objects unloaded after import = 1
========================================================================
Received Import Request.
  Time since last request: 0.000021 seconds.
  path: Assets/FungusExamples/TextMeshPro/TMpro DemoSettings.lighting
  artifactKey: Guid(ba00428bba0b1a64eb1b1494c4d66628) Importer(2089858483,0ecaa5967403d082aa24f35e1b516d23)
Start importing Assets/FungusExamples/TextMeshPro/TMpro DemoSettings.lighting using Guid(ba00428bba0b1a64eb1b1494c4d66628) Importer(2089858483,0ecaa5967403d082aa24f35e1b516d23) Generated GUIDs only implemented for interfaces!
 -> (artifact id: 'fa14127fc586ee3c8d304357188eb831') in 0.006928 seconds
Number of updated asset objects reloaded before import = 0
Number of asset objects unloaded after import = 1
========================================================================
Received Import Request.
  Time since last request: 0.000023 seconds.
  path: Assets/FungusExamples/SayHolds/SayHoldsSettings.lighting
  artifactKey: Guid(f5aa7337d72bb74428e0f90740bb6eed) Importer(2089858483,0ecaa5967403d082aa24f35e1b516d23)
Start importing Assets/FungusExamples/SayHolds/SayHoldsSettings.lighting using Guid(f5aa7337d72bb74428e0f90740bb6eed) Importer(2089858483,0ecaa5967403d082aa24f35e1b516d23) LightingSettings: switching bake backend from 1 to 0.
Generated GUIDs only implemented for interfaces!
 -> (artifact id: '511d4b25343c4f5b09c323a6cbac480f') in 0.005401 seconds
Number of updated asset objects reloaded before import = 0
Number of asset objects unloaded after import = 1
========================================================================
Received Import Request.
  Time since last request: 0.000013 seconds.
  path: Assets/FungusExamples/FungusLua/Trigger/Trigger.unity
  artifactKey: Guid(f739410aaa44d4fbca15e7fee5842e50) Importer(2089858483,0ecaa5967403d082aa24f35e1b516d23)
Start importing Assets/FungusExamples/FungusLua/Trigger/Trigger.unity using Guid(f739410aaa44d4fbca15e7fee5842e50) Importer(2089858483,0ecaa5967403d082aa24f35e1b516d23) Generated GUIDs only implemented for interfaces!
 -> (artifact id: 'c4a4375ca8625f99c07331f00dd778d7') in 0.002630 seconds
Number of updated asset objects reloaded before import = 0
Number of asset objects unloaded after import = 1
========================================================================
Received Import Request.
  Time since last request: 0.000081 seconds.
  path: Assets/Fungus/Resources/Prefabs/SayDialog.prefab
  artifactKey: Guid(8a005a9e0713f4cc1b5ad29fb07657d3) Importer(2089858483,0ecaa5967403d082aa24f35e1b516d23)
Start importing Assets/Fungus/Resources/Prefabs/SayDialog.prefab using Guid(8a005a9e0713f4cc1b5ad29fb07657d3) Importer(2089858483,0ecaa5967403d082aa24f35e1b516d23) Generated GUIDs only implemented for interfaces!
 -> (artifact id: '610335083529fcc64045de1ab83ece27') in 0.020770 seconds
Number of updated asset objects reloaded before import = 0
Number of asset objects unloaded after import = 53
========================================================================
Received Import Request.
  Time since last request: 0.000014 seconds.
  path: Assets/FungusExamples/MenuShuffle/MenuShuffle.unity
  artifactKey: Guid(049ab00d3819dc94db2b4b5b63814f54) Importer(2089858483,0ecaa5967403d082aa24f35e1b516d23)
Start importing Assets/FungusExamples/MenuShuffle/MenuShuffle.unity using Guid(049ab00d3819dc94db2b4b5b63814f54) Importer(2089858483,0ecaa5967403d082aa24f35e1b516d23) Generated GUIDs only implemented for interfaces!
 -> (artifact id: 'b0ad1ff6fc5bb820155ee012aa07d737') in 0.002326 seconds
Number of updated asset objects reloaded before import = 0
Number of asset objects unloaded after import = 1
========================================================================
Received Import Request.
  Time since last request: 0.000034 seconds.
  path: Assets/FungusExamples/JumpingPrax/JumpingPrax.unity
  artifactKey: Guid(9ff0d8118e3b14be09b5a01bc481a090) Importer(2089858483,0ecaa5967403d082aa24f35e1b516d23)
Start importing Assets/FungusExamples/JumpingPrax/JumpingPrax.unity using Guid(9ff0d8118e3b14be09b5a01bc481a090) Importer(2089858483,0ecaa5967403d082aa24f35e1b516d23) Generated GUIDs only implemented for interfaces!
 -> (artifact id: '94ed981234034bd0b3459f301ade1a2d') in 0.002305 seconds
Number of updated asset objects reloaded before import = 0
Number of asset objects unloaded after import = 1
========================================================================
Received Import Request.
  Time since last request: 0.000047 seconds.
  path: Assets/FungusExamples/SayHolds/SayHolds.unity
  artifactKey: Guid(cf49e1fbc6d734643b3df6acf28c19a5) Importer(2089858483,0ecaa5967403d082aa24f35e1b516d23)
Start importing Assets/FungusExamples/SayHolds/SayHolds.unity using Guid(cf49e1fbc6d734643b3df6acf28c19a5) Importer(2089858483,0ecaa5967403d082aa24f35e1b516d23) Generated GUIDs only implemented for interfaces!
 -> (artifact id: '47e0715ea1e9f75be260bb54a1a4f5fa') in 0.002840 seconds
Number of updated asset objects reloaded before import = 0
Number of asset objects unloaded after import = 1
========================================================================
Received Import Request.
  Time since last request: 0.000013 seconds.
  path: Assets/Settings/Ultra_PipelineAsset_ForwardRenderer.asset
  artifactKey: Guid(afc86fd3b86907e4c8b8eacc1c22f10d) Importer(2089858483,0ecaa5967403d082aa24f35e1b516d23)
Start importing Assets/Settings/Ultra_PipelineAsset_ForwardRenderer.asset using Guid(afc86fd3b86907e4c8b8eacc1c22f10d) Importer(2089858483,0ecaa5967403d082aa24f35e1b516d23) Generated GUIDs only implemented for interfaces!
 -> (artifact id: 'a72e6d72b2c304462a58c1b975e96273') in 0.007801 seconds
Number of updated asset objects reloaded before import = 0
Number of asset objects unloaded after import = 1
========================================================================
Received Import Request.
  Time since last request: 0.000051 seconds.
  path: Assets/FungusExamples/TextMeshPro/TMpro Demo.unity
  artifactKey: Guid(f2b1445135a83ce4fb7be21e59540fdb) Importer(2089858483,0ecaa5967403d082aa24f35e1b516d23)
Start importing Assets/FungusExamples/TextMeshPro/TMpro Demo.unity using Guid(f2b1445135a83ce4fb7be21e59540fdb) Importer(2089858483,0ecaa5967403d082aa24f35e1b516d23) Generated GUIDs only implemented for interfaces!
 -> (artifact id: 'e27ea2216f32f7e4c7c612b9cd13e924') in 0.002635 seconds
Number of updated asset objects reloaded before import = 0
Number of asset objects unloaded after import = 1
========================================================================
Received Import Request.
  Time since last request: 0.000047 seconds.
  path: Assets/FungusExamples/FungusLua/Narrative/StageAndPortraits.unity
  artifactKey: Guid(3312c37f754b09a4cbd29b7605692148) Importer(2089858483,0ecaa5967403d082aa24f35e1b516d23)
Start importing Assets/FungusExamples/FungusLua/Narrative/StageAndPortraits.unity using Guid(3312c37f754b09a4cbd29b7605692148) Importer(2089858483,0ecaa5967403d082aa24f35e1b516d23) Generated GUIDs only implemented for interfaces!
 -> (artifact id: '355db6fbb98989ce5c48107565bf56b6') in 0.004185 seconds
Number of updated asset objects reloaded before import = 0
Number of asset objects unloaded after import = 1
========================================================================
Received Import Request.
  Time since last request: 0.000013 seconds.
  path: Assets/FungusExamples/FirstPerson/FirstPersonDemo.unity
  artifactKey: Guid(f52a982060cbf1342bcd0c3da0aa9083) Importer(2089858483,0ecaa5967403d082aa24f35e1b516d23)
Start importing Assets/FungusExamples/FirstPerson/FirstPersonDemo.unity using Guid(f52a982060cbf1342bcd0c3da0aa9083) Importer(2089858483,0ecaa5967403d082aa24f35e1b516d23) Generated GUIDs only implemented for interfaces!
 -> (artifact id: '0264d8e129895c8032a7b1101a470208') in 0.002834 seconds
Number of updated asset objects reloaded before import = 0
Number of asset objects unloaded after import = 1
========================================================================
Received Import Request.
  Time since last request: 0.000014 seconds.
  path: Assets/Scenes/battle/b1-01.unity
  artifactKey: Guid(ec258cb3cf38dc64aaae03ef4771bda5) Importer(2089858483,0ecaa5967403d082aa24f35e1b516d23)
Start importing Assets/Scenes/battle/b1-01.unity using Guid(ec258cb3cf38dc64aaae03ef4771bda5) Importer(2089858483,0ecaa5967403d082aa24f35e1b516d23) Generated GUIDs only implemented for interfaces!
 -> (artifact id: '304ae91519e6bf28ac978b1747087936') in 0.003258 seconds
Number of updated asset objects reloaded before import = 0
Number of asset objects unloaded after import = 1
========================================================================
Received Import Request.
  Time since last request: 0.000025 seconds.
  path: Assets/FungusExamples/TheFacility/TheFacility.unity
  artifactKey: Guid(60c66f283fbb34f3a8fab8abcb05ac44) Importer(2089858483,0ecaa5967403d082aa24f35e1b516d23)
Start importing Assets/FungusExamples/TheFacility/TheFacility.unity using Guid(60c66f283fbb34f3a8fab8abcb05ac44) Importer(2089858483,0ecaa5967403d082aa24f35e1b516d23) Generated GUIDs only implemented for interfaces!
 -> (artifact id: '1346c041cfa8135546f92704d3f30e96') in 0.003589 seconds
Number of updated asset objects reloaded before import = 0
Number of asset objects unloaded after import = 1
========================================================================
Received Import Request.
  Time since last request: 0.000017 seconds.
  path: Assets/FungusExamples/TextMeshPro/TMPro Link Default Effects Demo.unity
  artifactKey: Guid(cffaf714f3026ad4db01e751fd5fd2a4) Importer(2089858483,0ecaa5967403d082aa24f35e1b516d23)
Start importing Assets/FungusExamples/TextMeshPro/TMPro Link Default Effects Demo.unity using Guid(cffaf714f3026ad4db01e751fd5fd2a4) Importer(2089858483,0ecaa5967403d082aa24f35e1b516d23) Generated GUIDs only implemented for interfaces!
 -> (artifact id: 'dddde8a436b63955c4c69cead764432d') in 0.003117 seconds
Number of updated asset objects reloaded before import = 0
Number of asset objects unloaded after import = 1
========================================================================
Received Import Request.
  Time since last request: 0.000028 seconds.
  path: Assets/FungusExamples/Math/MathQuizSettings.lighting
  artifactKey: Guid(b1cddf58568e0ec44a52d830a377d43c) Importer(2089858483,0ecaa5967403d082aa24f35e1b516d23)
Start importing Assets/FungusExamples/Math/MathQuizSettings.lighting using Guid(b1cddf58568e0ec44a52d830a377d43c) Importer(2089858483,0ecaa5967403d082aa24f35e1b516d23) LightingSettings: switching bake backend from 1 to 0.
Generated GUIDs only implemented for interfaces!
 -> (artifact id: 'bad7feac6b34055d8adf4400bbdd02b7') in 0.004974 seconds
Number of updated asset objects reloaded before import = 0
Number of asset objects unloaded after import = 1
========================================================================
Received Import Request.
  Time since last request: 0.000015 seconds.
  path: Assets/FungusExamples/Math/MathQuiz.unity
  artifactKey: Guid(ca798e8e7987c1d4a99c8970f179eccc) Importer(2089858483,0ecaa5967403d082aa24f35e1b516d23)
Start importing Assets/FungusExamples/Math/MathQuiz.unity using Guid(ca798e8e7987c1d4a99c8970f179eccc) Importer(2089858483,0ecaa5967403d082aa24f35e1b516d23) Generated GUIDs only implemented for interfaces!
 -> (artifact id: '722144f24827ae053f8fb2d13a99e4c3') in 0.002609 seconds
Number of updated asset objects reloaded before import = 0
Number of asset objects unloaded after import = 1
========================================================================
Received Import Request.
  Time since last request: 0.000032 seconds.
  path: Assets/FungusExamples/Collection/CollectionPhysicsSettings.lighting
  artifactKey: Guid(c95c740274c446745b3c496e7fa2b30d) Importer(2089858483,0ecaa5967403d082aa24f35e1b516d23)
Start importing Assets/FungusExamples/Collection/CollectionPhysicsSettings.lighting using Guid(c95c740274c446745b3c496e7fa2b30d) Importer(2089858483,0ecaa5967403d082aa24f35e1b516d23) Generated GUIDs only implemented for interfaces!
 -> (artifact id: '904fcf23bf1aaa63acb22a48c13a302f') in 0.004812 seconds
Number of updated asset objects reloaded before import = 0
Number of asset objects unloaded after import = 1
========================================================================
Received Import Request.
  Time since last request: 0.000018 seconds.
  path: Assets/FungusExamples/MonoBehEvents/PhysicsInteraction.unity
  artifactKey: Guid(93d0684591bc1c14dbad2b7dd9f454bb) Importer(2089858483,0ecaa5967403d082aa24f35e1b516d23)
Start importing Assets/FungusExamples/MonoBehEvents/PhysicsInteraction.unity using Guid(93d0684591bc1c14dbad2b7dd9f454bb) Importer(2089858483,0ecaa5967403d082aa24f35e1b516d23) Generated GUIDs only implemented for interfaces!
 -> (artifact id: 'b11d2aad3daabc053b59d13ede8c8e6f') in 0.002914 seconds
Number of updated asset objects reloaded before import = 0
Number of asset objects unloaded after import = 1
========================================================================
Received Import Request.
  Time since last request: 0.000027 seconds.
  path: Assets/FungusExamples/Conversation/CustomSayDialogs.unity
  artifactKey: Guid(b7465644aa30e4afaaa93dbb0dd18ff2) Importer(2089858483,0ecaa5967403d082aa24f35e1b516d23)
Start importing Assets/FungusExamples/Conversation/CustomSayDialogs.unity using Guid(b7465644aa30e4afaaa93dbb0dd18ff2) Importer(2089858483,0ecaa5967403d082aa24f35e1b516d23) Generated GUIDs only implemented for interfaces!
 -> (artifact id: 'f0e290cdb4d1a596015f10b9657e66e9') in 0.003016 seconds
Number of updated asset objects reloaded before import = 0
Number of asset objects unloaded after import = 1
========================================================================
Received Prepare
Begin MonoManager ReloadAssembly
- Loaded All Assemblies, in  0.436 seconds
Refreshing native plugins compatible for Editor in 3.75 ms, found 4 plugins.
Native extension for WindowsStandalone target not found
[Package Manager] Server::EnsureServerProcessIsRunning -- launch failed, reason: Unity was launched with the -noUpm command-line argument
[Package Manager] UpmClient::Send -- Unable to send message (not connected to UPM process).
[Package Manager] Cannot connect to Unity Package Manager local server
Mono: successfully reloaded assembly
- Finished resetting the current domain, in  0.836 seconds
Domain Reload Profiling: 1265ms
	BeginReloadAssembly (159ms)
		ExecutionOrderSort (0ms)
		DisableScriptedObjects (6ms)
		BackupInstance (0ms)
		ReleaseScriptingObjects (0ms)
		CreateAndSetChildDomain (45ms)
	RebuildCommonClasses (20ms)
	RebuildNativeTypeToScriptingClass (7ms)
	initialDomainReloadingComplete (24ms)
	LoadAllAssembliesAndSetupDomain (219ms)
		LoadAssemblies (280ms)
		RebuildTransferFunctionScriptingTraits (0ms)
		AnalyzeDomain (17ms)
			TypeCache.Refresh (6ms)
				TypeCache.ScanAssembly (0ms)
			ScanForSourceGeneratedMonoScriptInfo (0ms)
			ResolveRequiredComponents (10ms)
	FinalizeReload (836ms)
		ReleaseScriptCaches (0ms)
		RebuildScriptCaches (0ms)
		SetupLoadedEditorAssemblies (351ms)
			LogAssemblyErrors (0ms)
			InitializePlatformSupportModulesInManaged (4ms)
			SetLoadedEditorAssemblies (2ms)
			RefreshPlugins (0ms)
			BeforeProcessingInitializeOnLoad (63ms)
			ProcessInitializeOnLoadAttributes (221ms)
			ProcessInitializeOnLoadMethodAttributes (53ms)
			AfterProcessingInitializeOnLoad (9ms)
			EditorAssembliesLoaded (0ms)
		ExecutionOrderSort2 (0ms)
		AwakeInstancesAfterBackupRestoration (14ms)
Refreshing native plugins compatible for Editor in 5.94 ms, found 4 plugins.
Preloading 0 native plugins for Editor in 0.00 ms.
Unloading 6264 Unused Serialized files (Serialized files now loaded: 0)
Unloading 59 unused Assets / (506.4 KB). Loaded Objects now: 6908.
Memory consumption went from 234.7 MB to 234.3 MB.
Total: 5.065100 ms (FindLiveObjects: 0.856000 ms CreateObjectMapping: 0.484300 ms MarkObjects: 3.154500 ms  DeleteObjects: 0.567400 ms)

Prepare: number of updated asset objects reloaded= 1
AssetImportParameters requested are different than current active one (requested -> active):
  custom:container-demuxer-ogg: 62fdf1f143b41e24485cea50d1cbac27 -> 
  custom:framework-win-MediaFoundation: 216162199b28c13a410421893ffa2e32 -> 
  custom:container-muxer-webm: aa71ff27fc2769a1b78a27578f13a17b -> 
  custom:video-decoder-webm-vp8: 9c59270c3fd7afecdb556c50c9e8de78 -> 
  custom:SearchIndexIgnoredProperties: e643bd26f0fe6173181afceb89e7c659 -> 
  custom:AudioImporter_EditorPlatform: d09bf68614088b80899f8185d706f6e7 -> 
  custom:audio-decoder-ogg-vorbis: bf7c407c2cedff20999df2af8eb42d56 -> 
  custom:audio-encoder-webm-vorbis: bf7c407c2cedff20999df2af8eb42d56 -> 
  custom:video-decoder-ogg-theora: a1e56fd34408186e4bbccfd4996cb3dc -> 
  custom:CustomObjectIndexerAttribute: 4d1d7186bcbbfe361de5f0ad951e585c -> 
  custom:container-demuxer-webm: 4f35f7cbe854078d1ac9338744f61a02 -> 
  custom:video-encoder-webm-vp8: eb34c28f22e8b96e1ab97ce403110664 -> 
========================================================================
Received Import Request.
  Time since last request: 52.787650 seconds.
  path: Assets/Fungus/Thirdparty/TextMeshPro/Resources/Fonts & Materials/LiberationSans SDF - Drop Shadow.mat
  artifactKey: Guid(e73a58f6e2794ae7b1b7e50b7fb811b0) Importer(815301076,1909f56bfc062723c751e8b465ee728b)
Start importing Assets/Fungus/Thirdparty/TextMeshPro/Resources/Fonts & Materials/LiberationSans SDF - Drop Shadow.mat using Guid(e73a58f6e2794ae7b1b7e50b7fb811b0) Importer(815301076,1909f56bfc062723c751e8b465ee728b)  -> (artifact id: '1ca0a0186f839fd5d93e708f251fb522') in 0.199541 seconds
Number of updated asset objects reloaded before import = 0
Number of asset objects unloaded after import = 22
========================================================================
Received Import Request.
  Time since last request: 0.000023 seconds.
  path: Assets/FungusExamples/FirstPerson/Visuals/Google Poly/Door/CHAHIN_DOOR.obj
  artifactKey: Guid(477599504a82c244fb76984b9089577c) Importer(815301076,1909f56bfc062723c751e8b465ee728b)
Start importing Assets/FungusExamples/FirstPerson/Visuals/Google Poly/Door/CHAHIN_DOOR.obj using Guid(477599504a82c244fb76984b9089577c) Importer(815301076,1909f56bfc062723c751e8b465ee728b)  -> (artifact id: '15bfe1fe1041698c73753ba974740ae2') in 0.663314 seconds
Number of updated asset objects reloaded before import = 0
Number of asset objects unloaded after import = 12
========================================================================
Received Import Request.
  Time since last request: 0.000054 seconds.
  path: Packages/com.unity.2d.psdimporter/Editor/Assets/root-red.mat
  artifactKey: Guid(4459fff084dd84526ab8fd5082d2eacb) Importer(815301076,1909f56bfc062723c751e8b465ee728b)
Start importing Packages/com.unity.2d.psdimporter/Editor/Assets/root-red.mat using Guid(4459fff084dd84526ab8fd5082d2eacb) Importer(815301076,1909f56bfc062723c751e8b465ee728b)  -> (artifact id: '15ba842b02db53e1c46e058837690f7a') in 0.010608 seconds
Number of updated asset objects reloaded before import = 0
Number of asset objects unloaded after import = 2
========================================================================
Received Import Request.
  Time since last request: 0.000036 seconds.
  path: Packages/com.unity.render-pipelines.universal/Runtime/Materials/PhysicalMaterial3DsMax/PhysicalMaterial3DsMax.shadergraph
  artifactKey: Guid(44245ab89240f51459a5077d7145c452) Importer(815301076,1909f56bfc062723c751e8b465ee728b)
Start importing Packages/com.unity.render-pipelines.universal/Runtime/Materials/PhysicalMaterial3DsMax/PhysicalMaterial3DsMax.shadergraph using Guid(44245ab89240f51459a5077d7145c452) Importer(815301076,1909f56bfc062723c751e8b465ee728b)  -> (artifact id: '2e38d3fb71e1fd6c37e43b7c83457d49') in 0.826182 seconds
Number of updated asset objects reloaded before import = 0
Number of asset objects unloaded after import = 3
========================================================================
Received Import Request.
  Time since last request: 10.384709 seconds.
  path: Packages/com.unity.render-pipelines.universal/Shaders/AutodeskInteractive/AutodeskInteractiveTransparent.shadergraph
  artifactKey: Guid(5c81372d981403744adbdda4433c9c11) Importer(815301076,1909f56bfc062723c751e8b465ee728b)
Start importing Packages/com.unity.render-pipelines.universal/Shaders/AutodeskInteractive/AutodeskInteractiveTransparent.shadergraph using Guid(5c81372d981403744adbdda4433c9c11) Importer(815301076,1909f56bfc062723c751e8b465ee728b)  -> (artifact id: 'dfbf12004cc82e175fc3bd97ecc47c41') in 0.701749 seconds
Number of updated asset objects reloaded before import = 0
Number of asset objects unloaded after import = 2
========================================================================
Received Import Request.
  Time since last request: 0.000041 seconds.
  path: Assets/Fungus/Fonts/Amaranth/Amaranth-Regular.otf
  artifactKey: Guid(bb145366ce7024469a5758b08d31802c) Importer(815301076,1909f56bfc062723c751e8b465ee728b)
Start importing Assets/Fungus/Fonts/Amaranth/Amaranth-Regular.otf using Guid(bb145366ce7024469a5758b08d31802c) Importer(815301076,1909f56bfc062723c751e8b465ee728b)  -> (artifact id: '52ba43af0369ce1f6266ea12b943038e') in 0.028673 seconds
Number of updated asset objects reloaded before import = 0
Number of asset objects unloaded after import = 5
========================================================================
Received Import Request.
  Time since last request: 0.000065 seconds.
  path: Assets/Fungus/Fonts/Exo2/Exo2-Regular.ttf
  artifactKey: Guid(79197ecfbc3a4294a89ce589dac02cf2) Importer(815301076,1909f56bfc062723c751e8b465ee728b)
Start importing Assets/Fungus/Fonts/Exo2/Exo2-Regular.ttf using Guid(79197ecfbc3a4294a89ce589dac02cf2) Importer(815301076,1909f56bfc062723c751e8b465ee728b)  -> (artifact id: '2c2f1b14c7aaba7dae29d3dddac18fab') in 0.012040 seconds
Number of updated asset objects reloaded before import = 0
Number of asset objects unloaded after import = 5
========================================================================
Received Import Request.
  Time since last request: 0.000025 seconds.
  path: Assets/Fungus/Fonts/Amaranth/Amaranth-Italic.otf
  artifactKey: Guid(b4e86052de8904394807b3f10e18a9f6) Importer(815301076,1909f56bfc062723c751e8b465ee728b)
Start importing Assets/Fungus/Fonts/Amaranth/Amaranth-Italic.otf using Guid(b4e86052de8904394807b3f10e18a9f6) Importer(815301076,1909f56bfc062723c751e8b465ee728b)  -> (artifact id: 'e64cd6c2a38eda5cccd3234d0ac6df48') in 0.012200 seconds
Number of updated asset objects reloaded before import = 0
Number of asset objects unloaded after import = 5
========================================================================
Received Prepare
Begin MonoManager ReloadAssembly
- Loaded All Assemblies, in  0.445 seconds
Refreshing native plugins compatible for Editor in 3.04 ms, found 4 plugins.
Native extension for WindowsStandalone target not found
[Package Manager] Server::EnsureServerProcessIsRunning -- launch failed, reason: Unity was launched with the -noUpm command-line argument
[Package Manager] UpmClient::Send -- Unable to send message (not connected to UPM process).
[Package Manager] Cannot connect to Unity Package Manager local server
Mono: successfully reloaded assembly
- Finished resetting the current domain, in  0.844 seconds
Domain Reload Profiling: 1285ms
	BeginReloadAssembly (168ms)
		ExecutionOrderSort (0ms)
		DisableScriptedObjects (12ms)
		BackupInstance (0ms)
		ReleaseScriptingObjects (0ms)
		CreateAndSetChildDomain (34ms)
	RebuildCommonClasses (21ms)
	RebuildNativeTypeToScriptingClass (7ms)
	initialDomainReloadingComplete (25ms)
	LoadAllAssembliesAndSetupDomain (220ms)
		LoadAssemblies (294ms)
		RebuildTransferFunctionScriptingTraits (0ms)
		AnalyzeDomain (16ms)
			TypeCache.Refresh (5ms)
				TypeCache.ScanAssembly (0ms)
			ScanForSourceGeneratedMonoScriptInfo (0ms)
			ResolveRequiredComponents (10ms)
	FinalizeReload (844ms)
		ReleaseScriptCaches (0ms)
		RebuildScriptCaches (0ms)
		SetupLoadedEditorAssemblies (353ms)
			LogAssemblyErrors (0ms)
			InitializePlatformSupportModulesInManaged (3ms)
			SetLoadedEditorAssemblies (2ms)
			RefreshPlugins (0ms)
			BeforeProcessingInitializeOnLoad (58ms)
			ProcessInitializeOnLoadAttributes (222ms)
			ProcessInitializeOnLoadMethodAttributes (55ms)
			AfterProcessingInitializeOnLoad (12ms)
			EditorAssembliesLoaded (0ms)
		ExecutionOrderSort2 (0ms)
		AwakeInstancesAfterBackupRestoration (17ms)
Refreshing native plugins compatible for Editor in 5.84 ms, found 4 plugins.
Preloading 0 native plugins for Editor in 0.00 ms.
Unloading 6265 Unused Serialized files (Serialized files now loaded: 0)
Unloading 56 unused Assets / (505.4 KB). Loaded Objects now: 7002.
Memory consumption went from 242.6 MB to 242.1 MB.
Total: 2.639800 ms (FindLiveObjects: 0.386100 ms CreateObjectMapping: 0.100800 ms MarkObjects: 1.929400 ms  DeleteObjects: 0.222100 ms)

Prepare: number of updated asset objects reloaded= 0
AssetImportParameters requested are different than current active one (requested -> active):
  custom:container-demuxer-ogg: 62fdf1f143b41e24485cea50d1cbac27 -> 
  custom:framework-win-MediaFoundation: 216162199b28c13a410421893ffa2e32 -> 
  custom:container-muxer-webm: aa71ff27fc2769a1b78a27578f13a17b -> 
  custom:video-decoder-webm-vp8: 9c59270c3fd7afecdb556c50c9e8de78 -> 
  custom:SearchIndexIgnoredProperties: e643bd26f0fe6173181afceb89e7c659 -> 
  custom:AudioImporter_EditorPlatform: d09bf68614088b80899f8185d706f6e7 -> 
  custom:audio-decoder-ogg-vorbis: bf7c407c2cedff20999df2af8eb42d56 -> 
  custom:audio-encoder-webm-vorbis: bf7c407c2cedff20999df2af8eb42d56 -> 
  custom:video-decoder-ogg-theora: a1e56fd34408186e4bbccfd4996cb3dc -> 
  custom:CustomObjectIndexerAttribute: 4d1d7186bcbbfe361de5f0ad951e585c -> 
  custom:container-demuxer-webm: 4f35f7cbe854078d1ac9338744f61a02 -> 
  custom:video-encoder-webm-vp8: eb34c28f22e8b96e1ab97ce403110664 -> 
Editor requested this worker to shutdown with reason: Scaling down because of idle timeout
TcpMessagingSession - receive error
AssetImportWorkerClient::OnTransportError - code=2 error=End of file
AssetImportWorker is now disconnected from the server
Process exiting
Exiting without the bug reporter. Application will terminate with return code 0